This is XeTeX, Version 3.14159265-2.6-0.999991 (TeX Live 2019) (preloaded format=xelatex 2019.5.8)  26 NOV 2019 08:41
entering extended mode
 restricted \write18 enabled.
 file:line:error style messages enabled.
 %&-line parsing enabled.
**defense.tex
(./defense.tex
LaTeX2e <2018-12-01>
(/usr/local/texlive/2019/texmf-dist/tex/latex/beamer/beamer.cls
Document Class: beamer 2018/12/02 v3.55 A class for typesetting presentations
(/usr/local/texlive/2019/texmf-dist/tex/latex/beamer/beamerbasemodes.sty
(/usr/local/texlive/2019/texmf-dist/tex/latex/etoolbox/etoolbox.sty
Package: etoolbox 2018/08/19 v2.5f e-TeX tools for LaTeX (JAW)
\etb@tempcnta=\count80
)
\beamer@tempbox=\box27
\beamer@tempcount=\count81
\c@beamerpauses=\count82

(/usr/local/texlive/2019/texmf-dist/tex/latex/beamer/beamerbasedecode.sty
\beamer@slideinframe=\count83
\beamer@minimum=\count84
)
\beamer@commentbox=\box28
\beamer@modecount=\count85
)
(/usr/local/texlive/2019/texmf-dist/tex/generic/oberdiek/ifpdf.sty
Package: ifpdf 2018/09/07 v3.3 Provides the ifpdf switch
)
\headdp=\dimen102
\footheight=\dimen103
\sidebarheight=\dimen104
\beamer@tempdim=\dimen105
\beamer@finalheight=\dimen106
\beamer@animht=\dimen107
\beamer@animdp=\dimen108
\beamer@animwd=\dimen109
\beamer@leftmargin=\dimen110
\beamer@rightmargin=\dimen111
\beamer@leftsidebar=\dimen112
\beamer@rightsidebar=\dimen113
\beamer@boxsize=\dimen114
\beamer@vboxoffset=\dimen115
\beamer@descdefault=\dimen116
\beamer@descriptionwidth=\dimen117
\beamer@lastskip=\skip41
\beamer@areabox=\box29
\beamer@animcurrent=\box30
\beamer@animshowbox=\box31
\beamer@sectionbox=\box32
\beamer@logobox=\box33
\beamer@linebox=\box34
\beamer@sectioncount=\count86
\beamer@subsubsectionmax=\count87
\beamer@subsectionmax=\count88
\beamer@sectionmax=\count89
\beamer@totalheads=\count90
\beamer@headcounter=\count91
\beamer@partstartpage=\count92
\beamer@sectionstartpage=\count93
\beamer@subsectionstartpage=\count94
\beamer@animationtempa=\count95
\beamer@animationtempb=\count96
\beamer@xpos=\count97
\beamer@ypos=\count98
\beamer@ypos@offset=\count99
\beamer@showpartnumber=\count100
\beamer@currentsubsection=\count101
\beamer@coveringdepth=\count102
\beamer@sectionadjust=\count103
\beamer@tocsectionnumber=\count104

(/usr/local/texlive/2019/texmf-dist/tex/latex/beamer/beamerbaseoptions.sty
(/usr/local/texlive/2019/texmf-dist/tex/latex/graphics/keyval.sty
Package: keyval 2014/10/28 v1.15 key=value parser (DPC)
\KV@toks@=\toks14
))
\beamer@paperwidth=\skip42
\beamer@paperheight=\skip43

(/usr/local/texlive/2019/texmf-dist/tex/latex/geometry/geometry.sty
Package: geometry 2018/04/16 v5.8 Page Geometry

(/usr/local/texlive/2019/texmf-dist/tex/generic/oberdiek/ifvtex.sty
Package: ifvtex 2016/05/16 v1.6 Detect VTeX and its facilities (HO)
Package ifvtex Info: VTeX not detected.
)
(/usr/local/texlive/2019/texmf-dist/tex/generic/ifxetex/ifxetex.sty
Package: ifxetex 2010/09/12 v0.6 Provides ifxetex conditional
)
\Gm@cnth=\count105
\Gm@cntv=\count106
\c@Gm@tempcnt=\count107
\Gm@bindingoffset=\dimen118
\Gm@wd@mp=\dimen119
\Gm@odd@mp=\dimen120
\Gm@even@mp=\dimen121
\Gm@layoutwidth=\dimen122
\Gm@layoutheight=\dimen123
\Gm@layouthoffset=\dimen124
\Gm@layoutvoffset=\dimen125
\Gm@dimlist=\toks15
)
(/usr/local/texlive/2019/texmf-dist/tex/latex/base/size11.clo
File: size11.clo 2018/09/03 v1.4i Standard LaTeX file (size option)
)
(/usr/local/texlive/2019/texmf-dist/tex/latex/pgf/basiclayer/pgfcore.sty
(/usr/local/texlive/2019/texmf-dist/tex/latex/graphics/graphicx.sty
Package: graphicx 2017/06/01 v1.1a Enhanced LaTeX Graphics (DPC,SPQR)

(/usr/local/texlive/2019/texmf-dist/tex/latex/graphics/graphics.sty
Package: graphics 2017/06/25 v1.2c Standard LaTeX Graphics (DPC,SPQR)

(/usr/local/texlive/2019/texmf-dist/tex/latex/graphics/trig.sty
Package: trig 2016/01/03 v1.10 sin cos tan (DPC)
)
(/usr/local/texlive/2019/texmf-dist/tex/latex/graphics-cfg/graphics.cfg
File: graphics.cfg 2016/06/04 v1.11 sample graphics configuration
)
Package graphics Info: Driver file: xetex.def on input line 99.

(/usr/local/texlive/2019/texmf-dist/tex/latex/graphics-def/xetex.def
File: xetex.def 2017/06/24 v5.0h Graphics/color driver for xetex
))
\Gin@req@height=\dimen126
\Gin@req@width=\dimen127
)
(/usr/local/texlive/2019/texmf-dist/tex/latex/pgf/systemlayer/pgfsys.sty
(/usr/local/texlive/2019/texmf-dist/tex/latex/pgf/utilities/pgfrcs.sty
(/usr/local/texlive/2019/texmf-dist/tex/generic/pgf/utilities/pgfutil-common.te
x
\pgfutil@everybye=\toks16
\pgfutil@tempdima=\dimen128
\pgfutil@tempdimb=\dimen129

(/usr/local/texlive/2019/texmf-dist/tex/generic/pgf/utilities/pgfutil-common-li
sts.tex))
(/usr/local/texlive/2019/texmf-dist/tex/generic/pgf/utilities/pgfutil-latex.def
\pgfutil@abb=\box35
(/usr/local/texlive/2019/texmf-dist/tex/latex/ms/everyshi.sty
Package: everyshi 2001/05/15 v3.00 EveryShipout Package (MS)
))
(/usr/local/texlive/2019/texmf-dist/tex/generic/pgf/utilities/pgfrcs.code.tex
(/usr/local/texlive/2019/texmf-dist/tex/generic/pgf/pgf.revision.tex)
Package: pgfrcs 2019/04/04 v3.1.2 (3.1.2)
))
(/usr/local/texlive/2019/texmf-dist/tex/generic/pgf/systemlayer/pgfsys.code.tex
Package: pgfsys 2019/04/04 v3.1.2 (3.1.2)
(/usr/local/texlive/2019/texmf-dist/tex/generic/pgf/utilities/pgfkeys.code.tex
\pgfkeys@pathtoks=\toks17
\pgfkeys@temptoks=\toks18

(/usr/local/texlive/2019/texmf-dist/tex/generic/pgf/utilities/pgfkeysfiltered.c
ode.tex
\pgfkeys@tmptoks=\toks19
))
\pgf@x=\dimen130
\pgf@y=\dimen131
\pgf@xa=\dimen132
\pgf@ya=\dimen133
\pgf@xb=\dimen134
\pgf@yb=\dimen135
\pgf@xc=\dimen136
\pgf@yc=\dimen137
\w@pgf@writea=\write3
\r@pgf@reada=\read1
\c@pgf@counta=\count108
\c@pgf@countb=\count109
\c@pgf@countc=\count110
\c@pgf@countd=\count111
\t@pgf@toka=\toks20
\t@pgf@tokb=\toks21
\t@pgf@tokc=\toks22
\pgf@sys@id@count=\count112

(/usr/local/texlive/2019/texmf-dist/tex/generic/pgf/systemlayer/pgf.cfg
File: pgf.cfg 2019/04/04 v3.1.2 (3.1.2)
)
Driver file for pgf: pgfsys-xetex.def

(/usr/local/texlive/2019/texmf-dist/tex/generic/pgf/systemlayer/pgfsys-xetex.de
f
File: pgfsys-xetex.def 2019/04/04 v3.1.2 (3.1.2)

(/usr/local/texlive/2019/texmf-dist/tex/generic/pgf/systemlayer/pgfsys-dvipdfmx
.def
File: pgfsys-dvipdfmx.def 2019/04/04 v3.1.2 (3.1.2)

(/usr/local/texlive/2019/texmf-dist/tex/generic/pgf/systemlayer/pgfsys-common-p
df.def
File: pgfsys-common-pdf.def 2019/04/04 v3.1.2 (3.1.2)
)
\pgfsys@objnum=\count113
)))
(/usr/local/texlive/2019/texmf-dist/tex/generic/pgf/systemlayer/pgfsyssoftpath.
code.tex
File: pgfsyssoftpath.code.tex 2019/04/04 v3.1.2 (3.1.2)
\pgfsyssoftpath@smallbuffer@items=\count114
\pgfsyssoftpath@bigbuffer@items=\count115
)
(/usr/local/texlive/2019/texmf-dist/tex/generic/pgf/systemlayer/pgfsysprotocol.
code.tex
File: pgfsysprotocol.code.tex 2019/04/04 v3.1.2 (3.1.2)
)) (/usr/local/texlive/2019/texmf-dist/tex/latex/xcolor/xcolor.sty
Package: xcolor 2016/05/11 v2.12 LaTeX color extensions (UK)

(/usr/local/texlive/2019/texmf-dist/tex/latex/graphics-cfg/color.cfg
File: color.cfg 2016/01/02 v1.6 sample color configuration
)
Package xcolor Info: Driver file: xetex.def on input line 225.
Package xcolor Info: Model `cmy' substituted by `cmy0' on input line 1348.
Package xcolor Info: Model `RGB' extended on input line 1364.
Package xcolor Info: Model `HTML' substituted by `rgb' on input line 1366.
Package xcolor Info: Model `Hsb' substituted by `hsb' on input line 1367.
Package xcolor Info: Model `tHsb' substituted by `hsb' on input line 1368.
Package xcolor Info: Model `HSB' substituted by `hsb' on input line 1369.
Package xcolor Info: Model `Gray' substituted by `gray' on input line 1370.
Package xcolor Info: Model `wave' substituted by `hsb' on input line 1371.
)
(/usr/local/texlive/2019/texmf-dist/tex/generic/pgf/basiclayer/pgfcore.code.tex
Package: pgfcore 2019/04/04 v3.1.2 (3.1.2)
(/usr/local/texlive/2019/texmf-dist/tex/generic/pgf/math/pgfmath.code.tex
(/usr/local/texlive/2019/texmf-dist/tex/generic/pgf/math/pgfmathcalc.code.tex
(/usr/local/texlive/2019/texmf-dist/tex/generic/pgf/math/pgfmathutil.code.tex)
(/usr/local/texlive/2019/texmf-dist/tex/generic/pgf/math/pgfmathparser.code.tex
\pgfmath@dimen=\dimen138
\pgfmath@count=\count116
\pgfmath@box=\box36
\pgfmath@toks=\toks23
\pgfmath@stack@operand=\toks24
\pgfmath@stack@operation=\toks25
)
(/usr/local/texlive/2019/texmf-dist/tex/generic/pgf/math/pgfmathfunctions.code.
tex
(/usr/local/texlive/2019/texmf-dist/tex/generic/pgf/math/pgfmathfunctions.basic
.code.tex)
(/usr/local/texlive/2019/texmf-dist/tex/generic/pgf/math/pgfmathfunctions.trigo
nometric.code.tex)
(/usr/local/texlive/2019/texmf-dist/tex/generic/pgf/math/pgfmathfunctions.rando
m.code.tex)
(/usr/local/texlive/2019/texmf-dist/tex/generic/pgf/math/pgfmathfunctions.compa
rison.code.tex)
(/usr/local/texlive/2019/texmf-dist/tex/generic/pgf/math/pgfmathfunctions.base.
code.tex)
(/usr/local/texlive/2019/texmf-dist/tex/generic/pgf/math/pgfmathfunctions.round
.code.tex)
(/usr/local/texlive/2019/texmf-dist/tex/generic/pgf/math/pgfmathfunctions.misc.
code.tex)
(/usr/local/texlive/2019/texmf-dist/tex/generic/pgf/math/pgfmathfunctions.integ
erarithmetics.code.tex)))
(/usr/local/texlive/2019/texmf-dist/tex/generic/pgf/math/pgfmathfloat.code.tex
\c@pgfmathroundto@lastzeros=\count117
))
(/usr/local/texlive/2019/texmf-dist/tex/generic/pgf/basiclayer/pgfcorepoints.co
de.tex
File: pgfcorepoints.code.tex 2019/04/04 v3.1.2 (3.1.2)
\pgf@picminx=\dimen139
\pgf@picmaxx=\dimen140
\pgf@picminy=\dimen141
\pgf@picmaxy=\dimen142
\pgf@pathminx=\dimen143
\pgf@pathmaxx=\dimen144
\pgf@pathminy=\dimen145
\pgf@pathmaxy=\dimen146
\pgf@xx=\dimen147
\pgf@xy=\dimen148
\pgf@yx=\dimen149
\pgf@yy=\dimen150
\pgf@zx=\dimen151
\pgf@zy=\dimen152
)
(/usr/local/texlive/2019/texmf-dist/tex/generic/pgf/basiclayer/pgfcorepathconst
ruct.code.tex
File: pgfcorepathconstruct.code.tex 2019/04/04 v3.1.2 (3.1.2)
\pgf@path@lastx=\dimen153
\pgf@path@lasty=\dimen154
)
(/usr/local/texlive/2019/texmf-dist/tex/generic/pgf/basiclayer/pgfcorepathusage
.code.tex
File: pgfcorepathusage.code.tex 2019/04/04 v3.1.2 (3.1.2)
\pgf@shorten@end@additional=\dimen155
\pgf@shorten@start@additional=\dimen156
)
(/usr/local/texlive/2019/texmf-dist/tex/generic/pgf/basiclayer/pgfcorescopes.co
de.tex
File: pgfcorescopes.code.tex 2019/04/04 v3.1.2 (3.1.2)
\pgfpic=\box37
\pgf@hbox=\box38
\pgf@layerbox@main=\box39
\pgf@picture@serial@count=\count118
)
(/usr/local/texlive/2019/texmf-dist/tex/generic/pgf/basiclayer/pgfcoregraphicst
ate.code.tex
File: pgfcoregraphicstate.code.tex 2019/04/04 v3.1.2 (3.1.2)
\pgflinewidth=\dimen157
)
(/usr/local/texlive/2019/texmf-dist/tex/generic/pgf/basiclayer/pgfcoretransform
ations.code.tex
File: pgfcoretransformations.code.tex 2019/04/04 v3.1.2 (3.1.2)
\pgf@pt@x=\dimen158
\pgf@pt@y=\dimen159
\pgf@pt@temp=\dimen160
)
(/usr/local/texlive/2019/texmf-dist/tex/generic/pgf/basiclayer/pgfcorequick.cod
e.tex
File: pgfcorequick.code.tex 2019/04/04 v3.1.2 (3.1.2)
)
(/usr/local/texlive/2019/texmf-dist/tex/generic/pgf/basiclayer/pgfcoreobjects.c
ode.tex
File: pgfcoreobjects.code.tex 2019/04/04 v3.1.2 (3.1.2)
)
(/usr/local/texlive/2019/texmf-dist/tex/generic/pgf/basiclayer/pgfcorepathproce
ssing.code.tex
File: pgfcorepathprocessing.code.tex 2019/04/04 v3.1.2 (3.1.2)
)
(/usr/local/texlive/2019/texmf-dist/tex/generic/pgf/basiclayer/pgfcorearrows.co
de.tex
File: pgfcorearrows.code.tex 2019/04/04 v3.1.2 (3.1.2)
\pgfarrowsep=\dimen161
)
(/usr/local/texlive/2019/texmf-dist/tex/generic/pgf/basiclayer/pgfcoreshade.cod
e.tex
File: pgfcoreshade.code.tex 2019/04/04 v3.1.2 (3.1.2)
\pgf@max=\dimen162
\pgf@sys@shading@range@num=\count119
\pgf@shadingcount=\count120
)
(/usr/local/texlive/2019/texmf-dist/tex/generic/pgf/basiclayer/pgfcoreimage.cod
e.tex
File: pgfcoreimage.code.tex 2019/04/04 v3.1.2 (3.1.2)

(/usr/local/texlive/2019/texmf-dist/tex/generic/pgf/basiclayer/pgfcoreexternal.
code.tex
File: pgfcoreexternal.code.tex 2019/04/04 v3.1.2 (3.1.2)
\pgfexternal@startupbox=\box40
))
(/usr/local/texlive/2019/texmf-dist/tex/generic/pgf/basiclayer/pgfcorelayers.co
de.tex
File: pgfcorelayers.code.tex 2019/04/04 v3.1.2 (3.1.2)
)
(/usr/local/texlive/2019/texmf-dist/tex/generic/pgf/basiclayer/pgfcoretranspare
ncy.code.tex
File: pgfcoretransparency.code.tex 2019/04/04 v3.1.2 (3.1.2)
)
(/usr/local/texlive/2019/texmf-dist/tex/generic/pgf/basiclayer/pgfcorepatterns.
code.tex
File: pgfcorepatterns.code.tex 2019/04/04 v3.1.2 (3.1.2)
)
(/usr/local/texlive/2019/texmf-dist/tex/generic/pgf/basiclayer/pgfcorerdf.code.
tex
File: pgfcorerdf.code.tex 2019/04/04 v3.1.2 (3.1.2)
))) (/usr/local/texlive/2019/texmf-dist/tex/latex/pgf/utilities/xxcolor.sty
Package: xxcolor 2003/10/24 ver 0.1
\XC@nummixins=\count121
\XC@countmixins=\count122
) (/usr/local/texlive/2019/texmf-dist/tex/generic/oberdiek/atbegshi.sty
Package: atbegshi 2016/06/09 v1.18 At begin shipout hook (HO)

(/usr/local/texlive/2019/texmf-dist/tex/generic/oberdiek/infwarerr.sty
Package: infwarerr 2016/05/16 v1.4 Providing info/warning/error messages (HO)
)
(/usr/local/texlive/2019/texmf-dist/tex/generic/oberdiek/ltxcmds.sty
Package: ltxcmds 2016/05/16 v1.23 LaTeX kernel commands for general use (HO)
))
(/usr/local/texlive/2019/texmf-dist/tex/latex/hyperref/hyperref.sty
Package: hyperref 2018/11/30 v6.88e Hypertext links for LaTeX

(/usr/local/texlive/2019/texmf-dist/tex/generic/oberdiek/hobsub-hyperref.sty
Package: hobsub-hyperref 2016/05/16 v1.14 Bundle oberdiek, subset hyperref (HO)


(/usr/local/texlive/2019/texmf-dist/tex/generic/oberdiek/hobsub-generic.sty
Package: hobsub-generic 2016/05/16 v1.14 Bundle oberdiek, subset generic (HO)
Package: hobsub 2016/05/16 v1.14 Construct package bundles (HO)
Package hobsub Info: Skipping package `infwarerr' (already loaded).
Package hobsub Info: Skipping package `ltxcmds' (already loaded).
Package: ifluatex 2016/05/16 v1.4 Provides the ifluatex switch (HO)
Package ifluatex Info: LuaTeX not detected.
Package hobsub Info: Skipping package `ifvtex' (already loaded).
Package: intcalc 2016/05/16 v1.2 Expandable calculations with integers (HO)
Package hobsub Info: Skipping package `ifpdf' (already loaded).
Package: etexcmds 2016/05/16 v1.6 Avoid name clashes with e-TeX commands (HO)
Package: kvsetkeys 2016/05/16 v1.17 Key value parser (HO)
Package: kvdefinekeys 2016/05/16 v1.4 Define keys (HO)
Package: pdftexcmds 2018/09/10 v0.29 Utility functions of pdfTeX for LuaTeX (HO
)
Package pdftexcmds Info: LuaTeX not detected.
Package pdftexcmds Info: pdfTeX >= 1.30 not detected.
Package pdftexcmds Info: \pdf@primitive is available.
Package pdftexcmds Info: \pdf@ifprimitive is available.
Package pdftexcmds Info: \pdfdraftmode not found.
Package: pdfescape 2016/05/16 v1.14 Implements pdfTeX's escape features (HO)
Package: bigintcalc 2016/05/16 v1.4 Expandable calculations on big integers (HO
)
Package: bitset 2016/05/16 v1.2 Handle bit-vector datatype (HO)
Package: uniquecounter 2016/05/16 v1.3 Provide unlimited unique counter (HO)
)
Package hobsub Info: Skipping package `hobsub' (already loaded).
Package: letltxmacro 2016/05/16 v1.5 Let assignment for LaTeX macros (HO)
Package: hopatch 2016/05/16 v1.3 Wrapper for package hooks (HO)
Package: xcolor-patch 2016/05/16 xcolor patch
Package: atveryend 2016/05/16 v1.9 Hooks at the very end of document (HO)
Package hobsub Info: Skipping package `atbegshi' (already loaded).
Package: refcount 2016/05/16 v3.5 Data extraction from label references (HO)
Package: hycolor 2016/05/16 v1.8 Color options for hyperref/bookmark (HO)
)
(/usr/local/texlive/2019/texmf-dist/tex/latex/oberdiek/auxhook.sty
Package: auxhook 2016/05/16 v1.4 Hooks for auxiliary files (HO)
)
(/usr/local/texlive/2019/texmf-dist/tex/latex/oberdiek/kvoptions.sty
Package: kvoptions 2016/05/16 v3.12 Key value format for package options (HO)
)
\@linkdim=\dimen163
\Hy@linkcounter=\count123
\Hy@pagecounter=\count124

(/usr/local/texlive/2019/texmf-dist/tex/latex/hyperref/pd1enc.def
File: pd1enc.def 2018/11/30 v6.88e Hyperref: PDFDocEncoding definition (HO)
)
\Hy@SavedSpaceFactor=\count125

(/usr/local/texlive/2019/texmf-dist/tex/latex/latexconfig/hyperref.cfg
File: hyperref.cfg 2002/06/06 v1.2 hyperref configuration of TeXLive
)
Package hyperref Info: Option `bookmarks' set `true' on input line 4393.
Package hyperref Info: Option `bookmarksopen' set `true' on input line 4393.
Package hyperref Info: Option `implicit' set `false' on input line 4393.
Package hyperref Info: Hyper figures OFF on input line 4519.
Package hyperref Info: Link nesting OFF on input line 4524.
Package hyperref Info: Hyper index ON on input line 4527.
Package hyperref Info: Plain pages OFF on input line 4534.
Package hyperref Info: Backreferencing OFF on input line 4539.
Package hyperref Info: Implicit mode OFF; no redefinition of LaTeX internals.
Package hyperref Info: Bookmarks ON on input line 4772.
\c@Hy@tempcnt=\count126

(/usr/local/texlive/2019/texmf-dist/tex/latex/url/url.sty
\Urlmuskip=\muskip10
Package: url 2013/09/16  ver 3.4  Verb mode for urls, etc.
)
LaTeX Info: Redefining \url on input line 5125.
\XeTeXLinkMargin=\dimen164
\Fld@menulength=\count127
\Field@Width=\dimen165
\Fld@charsize=\dimen166
Package hyperref Info: Hyper figures OFF on input line 6380.
Package hyperref Info: Link nesting OFF on input line 6385.
Package hyperref Info: Hyper index ON on input line 6388.
Package hyperref Info: backreferencing OFF on input line 6395.
Package hyperref Info: Link coloring OFF on input line 6400.
Package hyperref Info: Link coloring with OCG OFF on input line 6405.
Package hyperref Info: PDF/A mode OFF on input line 6410.
LaTeX Info: Redefining \ref on input line 6450.
LaTeX Info: Redefining \pageref on input line 6454.
\Hy@abspage=\count128


Package hyperref Message: Stopped early.

)
Package hyperref Info: Driver (autodetected): hxetex.
 (/usr/local/texlive/2019/texmf-dist/tex/latex/hyperref/hxetex.def
File: hxetex.def 2018/11/30 v6.88e Hyperref driver for XeTeX

(/usr/local/texlive/2019/texmf-dist/tex/latex/hyperref/puenc.def
File: puenc.def 2018/11/30 v6.88e Hyperref: PDF Unicode definition (HO)
)
(/usr/local/texlive/2019/texmf-dist/tex/generic/oberdiek/stringenc.sty
Package: stringenc 2016/05/16 v1.11 Convert strings between diff. encodings (HO
)
)
\pdfm@box=\box41
\c@Hy@AnnotLevel=\count129
\HyField@AnnotCount=\count130
\Fld@listcount=\count131
\c@bookmark@seq@number=\count132

(/usr/local/texlive/2019/texmf-dist/tex/latex/oberdiek/rerunfilecheck.sty
Package: rerunfilecheck 2016/05/16 v1.8 Rerun checks for auxiliary files (HO)
Package uniquecounter Info: New unique counter `rerunfilecheck' on input line 2
82.
))
(/usr/local/texlive/2019/texmf-dist/tex/generic/oberdiek/se-ascii-print.def
File: se-ascii-print.def 2016/05/16 v1.11 stringenc: Printable ASCII characters

)
(/usr/local/texlive/2019/texmf-dist/tex/latex/beamer/beamerbaserequires.sty
(/usr/local/texlive/2019/texmf-dist/tex/latex/beamer/beamerbasecompatibility.st
y) (/usr/local/texlive/2019/texmf-dist/tex/latex/beamer/beamerbasefont.sty
(/usr/local/texlive/2019/texmf-dist/tex/latex/amsfonts/amssymb.sty
Package: amssymb 2013/01/14 v3.01 AMS font symbols

(/usr/local/texlive/2019/texmf-dist/tex/latex/amsfonts/amsfonts.sty
Package: amsfonts 2013/01/14 v3.01 Basic AMSFonts support
\@emptytoks=\toks26
\symAMSa=\mathgroup4
\symAMSb=\mathgroup5
LaTeX Font Info:    Overwriting math alphabet `\mathfrak' in version `bold'
(Font)                  U/euf/m/n --> U/euf/b/n on input line 106.
))
(/usr/local/texlive/2019/texmf-dist/tex/latex/sansmathaccent/sansmathaccent.sty
Package: sansmathaccent 2013/03/28
(/usr/local/texlive/2019/texmf-dist/tex/latex/filehook/filehook.sty
Package: filehook 2011/10/12 v0.5d Hooks for input files
)))
(/usr/local/texlive/2019/texmf-dist/tex/latex/beamer/beamerbasetranslator.sty
(/usr/local/texlive/2019/texmf-dist/tex/latex/translator/translator.sty
Package: translator 2018/01/04 v1.12 Easy translation of strings in LaTeX
))
(/usr/local/texlive/2019/texmf-dist/tex/latex/beamer/beamerbasemisc.sty)
(/usr/local/texlive/2019/texmf-dist/tex/latex/beamer/beamerbasetwoscreens.sty)
(/usr/local/texlive/2019/texmf-dist/tex/latex/beamer/beamerbaseoverlay.sty
\beamer@argscount=\count133
\beamer@lastskipcover=\skip44
\beamer@trivlistdepth=\count134
)
(/usr/local/texlive/2019/texmf-dist/tex/latex/beamer/beamerbasetitle.sty)
(/usr/local/texlive/2019/texmf-dist/tex/latex/beamer/beamerbasesection.sty
\c@lecture=\count135
\c@part=\count136
\c@section=\count137
\c@subsection=\count138
\c@subsubsection=\count139
)
(/usr/local/texlive/2019/texmf-dist/tex/latex/beamer/beamerbaseframe.sty
\beamer@framebox=\box42
\beamer@frametitlebox=\box43
\beamer@zoombox=\box44
\beamer@zoomcount=\count140
\beamer@zoomframecount=\count141
\beamer@frametextheight=\dimen167
\c@subsectionslide=\count142
\beamer@frametopskip=\skip45
\beamer@framebottomskip=\skip46
\beamer@frametopskipautobreak=\skip47
\beamer@framebottomskipautobreak=\skip48
\beamer@envbody=\toks27
\framewidth=\dimen168
\c@framenumber=\count143
)
(/usr/local/texlive/2019/texmf-dist/tex/latex/beamer/beamerbaseverbatim.sty
\beamer@verbatimfileout=\write4
)
(/usr/local/texlive/2019/texmf-dist/tex/latex/beamer/beamerbaseframesize.sty
\beamer@splitbox=\box45
\beamer@autobreakcount=\count144
\beamer@autobreaklastheight=\dimen169
\beamer@frametitletoks=\toks28
\beamer@framesubtitletoks=\toks29
)
(/usr/local/texlive/2019/texmf-dist/tex/latex/beamer/beamerbaseframecomponents.
sty
\beamer@footins=\box46
) (/usr/local/texlive/2019/texmf-dist/tex/latex/beamer/beamerbasecolor.sty)
(/usr/local/texlive/2019/texmf-dist/tex/latex/beamer/beamerbasenotes.sty
\beamer@frameboxcopy=\box47
)
(/usr/local/texlive/2019/texmf-dist/tex/latex/beamer/beamerbasetoc.sty)
(/usr/local/texlive/2019/texmf-dist/tex/latex/beamer/beamerbasetemplates.sty
\beamer@sbttoks=\toks30

(/usr/local/texlive/2019/texmf-dist/tex/latex/beamer/beamerbaseauxtemplates.sty
(/usr/local/texlive/2019/texmf-dist/tex/latex/beamer/beamerbaseboxes.sty
\bmb@box=\box48
\bmb@colorbox=\box49
\bmb@boxshadow=\box50
\bmb@boxshadowball=\box51
\bmb@boxshadowballlarge=\box52
\bmb@temp=\dimen170
\bmb@dima=\dimen171
\bmb@dimb=\dimen172
\bmb@prevheight=\dimen173
)
\beamer@blockheadheight=\dimen174
))
(/usr/local/texlive/2019/texmf-dist/tex/latex/beamer/beamerbaselocalstructure.s
ty (/usr/local/texlive/2019/texmf-dist/tex/latex/tools/enumerate.sty
Package: enumerate 2015/07/23 v3.00 enumerate extensions (DPC)
\@enLab=\toks31
)
\c@figure=\count145
\c@table=\count146
\abovecaptionskip=\skip49
\belowcaptionskip=\skip50
)
(/usr/local/texlive/2019/texmf-dist/tex/latex/beamer/beamerbasenavigation.sty
\beamer@section@min@dim=\dimen175
)
(/usr/local/texlive/2019/texmf-dist/tex/latex/beamer/beamerbasetheorems.sty
(/usr/local/texlive/2019/texmf-dist/tex/latex/amsmath/amsmath.sty
Package: amsmath 2018/12/01 v2.17b AMS math features
\@mathmargin=\skip51

For additional information on amsmath, use the `?' option.
(/usr/local/texlive/2019/texmf-dist/tex/latex/amsmath/amstext.sty
Package: amstext 2000/06/29 v2.01 AMS text

(/usr/local/texlive/2019/texmf-dist/tex/latex/amsmath/amsgen.sty
File: amsgen.sty 1999/11/30 v2.0 generic functions
\@emptytoks=\toks32
\ex@=\dimen176
))
(/usr/local/texlive/2019/texmf-dist/tex/latex/amsmath/amsbsy.sty
Package: amsbsy 1999/11/29 v1.2d Bold Symbols
\pmbraise@=\dimen177
)
(/usr/local/texlive/2019/texmf-dist/tex/latex/amsmath/amsopn.sty
Package: amsopn 2016/03/08 v2.02 operator names
)
\inf@bad=\count147
LaTeX Info: Redefining \frac on input line 223.
\uproot@=\count148
\leftroot@=\count149
LaTeX Info: Redefining \overline on input line 385.
\classnum@=\count150
\DOTSCASE@=\count151
LaTeX Info: Redefining \ldots on input line 482.
LaTeX Info: Redefining \dots on input line 485.
LaTeX Info: Redefining \cdots on input line 606.
\Mathstrutbox@=\box53
\strutbox@=\box54
\big@size=\dimen178
LaTeX Font Info:    Redeclaring font encoding OML on input line 729.
LaTeX Font Info:    Redeclaring font encoding OMS on input line 730.
\macc@depth=\count152
\c@MaxMatrixCols=\count153
\dotsspace@=\muskip11
\c@parentequation=\count154
\dspbrk@lvl=\count155
\tag@help=\toks33
\row@=\count156
\column@=\count157
\maxfields@=\count158
\andhelp@=\toks34
\eqnshift@=\dimen179
\alignsep@=\dimen180
\tagshift@=\dimen181
\tagwidth@=\dimen182
\totwidth@=\dimen183
\lineht@=\dimen184
\@envbody=\toks35
\multlinegap=\skip52
\multlinetaggap=\skip53
\mathdisplay@stack=\toks36
LaTeX Info: Redefining \[ on input line 2844.
LaTeX Info: Redefining \] on input line 2845.
)
(/usr/local/texlive/2019/texmf-dist/tex/latex/amscls/amsthm.sty
Package: amsthm 2017/10/31 v2.20.4
\thm@style=\toks37
\thm@bodyfont=\toks38
\thm@headfont=\toks39
\thm@notefont=\toks40
\thm@headpunct=\toks41
\thm@preskip=\skip54
\thm@postskip=\skip55
\thm@headsep=\skip56
\dth@everypar=\toks42
)
\c@theorem=\count159
)
(/usr/local/texlive/2019/texmf-dist/tex/latex/beamer/beamerbasethemes.sty))
(/usr/local/texlive/2019/texmf-dist/tex/latex/beamer/beamerthemedefault.sty
(/usr/local/texlive/2019/texmf-dist/tex/latex/beamer/beamerfontthemedefault.sty
)
(/usr/local/texlive/2019/texmf-dist/tex/latex/beamer/beamercolorthemedefault.st
y)
(/usr/local/texlive/2019/texmf-dist/tex/latex/beamer/beamerinnerthemedefault.st
y
\beamer@dima=\dimen185
\beamer@dimb=\dimen186
)
(/usr/local/texlive/2019/texmf-dist/tex/latex/beamer/beamerouterthemedefault.st
y))) (/usr/local/texlive/2019/texmf-dist/tex/latex/beamer/beamerthemeMadrid.sty
(/usr/local/texlive/2019/texmf-dist/tex/latex/beamer/beamercolorthemewhale.sty)

(/usr/local/texlive/2019/texmf-dist/tex/latex/beamer/beamercolorthemeorchid.sty
)
(/usr/local/texlive/2019/texmf-dist/tex/latex/beamer/beamerinnerthemerounded.st
y)
(/usr/local/texlive/2019/texmf-dist/tex/latex/beamer/beamerouterthemeinfolines.
sty)) (/usr/local/texlive/2019/texmf-dist/tex/latex/multirow/multirow.sty
Package: multirow 2019/01/01 v2.4 Span multiple rows of a table
\multirow@colwidth=\skip57
\multirow@cntb=\count160
\multirow@dima=\skip58
\bigstrutjot=\dimen187
)
(/usr/local/texlive/2019/texmf-dist/tex/latex/romannum/romannum.sty
Package: romannum 2009/09/03 v1.0b roman numerals

(/usr/local/texlive/2019/texmf-dist/tex/latex/stdclsdv/stdclsdv.sty
Package: stdclsdv 2009/09/04 v1.1a Sectional divisions
))
(/usr/local/texlive/2019/texmf-dist/tex/latex/setspace/setspace.sty
Package: setspace 2011/12/19 v6.7a set line spacing
)
(/usr/local/texlive/2019/texmf-dist/tex/latex/tipa/tipa.sty
Package: tipa 2002/08/08 TIPA version 1.1

(/usr/local/texlive/2019/texmf-dist/tex/latex/base/fontenc.sty
Package: fontenc 2018/08/11 v2.0j Standard LaTeX package

(/usr/local/texlive/2019/texmf-dist/tex/latex/tipa/t3enc.def
File: t3enc.def 2001/12/31 T3 encoding
LaTeX Font Info:    Font shape `TU/lmss/m/it' in size <10.95> not available
(Font)              Font shape `TU/lmss/m/sl' tried instead on input line 316.
)
(/usr/local/texlive/2019/texmf-dist/tex/latex/base/tuenc.def
File: tuenc.def 2018/08/11 v2.0j Standard LaTeX file
LaTeX Font Info:    Redeclaring font encoding TU on input line 82.
)))
(/usr/local/texlive/2019/texmf-dist/tex/latex/booktabs/booktabs.sty
Package: booktabs 2016/04/27 v1.618033 publication quality tables
\heavyrulewidth=\dimen188
\lightrulewidth=\dimen189
\cmidrulewidth=\dimen190
\belowrulesep=\dimen191
\belowbottomsep=\dimen192
\aboverulesep=\dimen193
\abovetopsep=\dimen194
\cmidrulesep=\dimen195
\cmidrulekern=\dimen196
\defaultaddspace=\dimen197
\@cmidla=\count161
\@cmidlb=\count162
\@aboverulesep=\dimen198
\@belowrulesep=\dimen199
\@thisruleclass=\count163
\@lastruleclass=\count164
\@thisrulewidth=\dimen256
)
(/usr/local/texlive/2019/texmf-dist/tex/latex/pgfplots/pgfplots.sty
(/usr/local/texlive/2019/texmf-dist/tex/generic/pgfplots/pgfplots.revision.tex)
Package: pgfplots 2018/03/28 v1.16 Data Visualization (1.16)
(/usr/local/texlive/2019/texmf-dist/tex/latex/pgf/frontendlayer/tikz.sty
(/usr/local/texlive/2019/texmf-dist/tex/latex/pgf/basiclayer/pgf.sty
Package: pgf 2019/04/04 v3.1.2 (3.1.2)

(/usr/local/texlive/2019/texmf-dist/tex/generic/pgf/modules/pgfmoduleshapes.cod
e.tex
File: pgfmoduleshapes.code.tex 2019/04/04 v3.1.2 (3.1.2)
\pgfnodeparttextbox=\box55
)
(/usr/local/texlive/2019/texmf-dist/tex/generic/pgf/modules/pgfmoduleplot.code.
tex
File: pgfmoduleplot.code.tex 2019/04/04 v3.1.2 (3.1.2)
)
(/usr/local/texlive/2019/texmf-dist/tex/latex/pgf/compatibility/pgfcomp-version
-0-65.sty
Package: pgfcomp-version-0-65 2019/04/04 v3.1.2 (3.1.2)
\pgf@nodesepstart=\dimen257
\pgf@nodesepend=\dimen258
)
(/usr/local/texlive/2019/texmf-dist/tex/latex/pgf/compatibility/pgfcomp-version
-1-18.sty
Package: pgfcomp-version-1-18 2019/04/04 v3.1.2 (3.1.2)
))
(/usr/local/texlive/2019/texmf-dist/tex/latex/pgf/utilities/pgffor.sty
(/usr/local/texlive/2019/texmf-dist/tex/latex/pgf/utilities/pgfkeys.sty
(/usr/local/texlive/2019/texmf-dist/tex/generic/pgf/utilities/pgfkeys.code.tex)
) (/usr/local/texlive/2019/texmf-dist/tex/latex/pgf/math/pgfmath.sty
(/usr/local/texlive/2019/texmf-dist/tex/generic/pgf/math/pgfmath.code.tex))
(/usr/local/texlive/2019/texmf-dist/tex/generic/pgf/utilities/pgffor.code.tex
Package: pgffor 2019/04/04 v3.1.2 (3.1.2)

(/usr/local/texlive/2019/texmf-dist/tex/generic/pgf/math/pgfmath.code.tex)
\pgffor@iter=\dimen259
\pgffor@skip=\dimen260
\pgffor@stack=\toks43
\pgffor@toks=\toks44
))
(/usr/local/texlive/2019/texmf-dist/tex/generic/pgf/frontendlayer/tikz/tikz.cod
e.tex
Package: tikz 2019/04/04 v3.1.2 (3.1.2)

(/usr/local/texlive/2019/texmf-dist/tex/generic/pgf/libraries/pgflibraryplothan
dlers.code.tex
File: pgflibraryplothandlers.code.tex 2019/04/04 v3.1.2 (3.1.2)
\pgf@plot@mark@count=\count165
\pgfplotmarksize=\dimen261
)
\tikz@lastx=\dimen262
\tikz@lasty=\dimen263
\tikz@lastxsaved=\dimen264
\tikz@lastysaved=\dimen265
\tikzleveldistance=\dimen266
\tikzsiblingdistance=\dimen267
\tikz@figbox=\box56
\tikz@figbox@bg=\box57
\tikz@tempbox=\box58
\tikz@tempbox@bg=\box59
\tikztreelevel=\count166
\tikznumberofchildren=\count167
\tikznumberofcurrentchild=\count168
\tikz@fig@count=\count169

(/usr/local/texlive/2019/texmf-dist/tex/generic/pgf/modules/pgfmodulematrix.cod
e.tex
File: pgfmodulematrix.code.tex 2019/04/04 v3.1.2 (3.1.2)
\pgfmatrixcurrentrow=\count170
\pgfmatrixcurrentcolumn=\count171
\pgf@matrix@numberofcolumns=\count172
)
\tikz@expandcount=\count173

(/usr/local/texlive/2019/texmf-dist/tex/generic/pgf/frontendlayer/tikz/librarie
s/tikzlibrarytopaths.code.tex
File: tikzlibrarytopaths.code.tex 2019/04/04 v3.1.2 (3.1.2)
)))
(/usr/local/texlive/2019/texmf-dist/tex/generic/pgfplots/pgfplots.code.tex
(/usr/local/texlive/2019/texmf-dist/tex/generic/pgfplots/pgfplotscore.code.tex
\t@pgfplots@toka=\toks45
\t@pgfplots@tokb=\toks46
\t@pgfplots@tokc=\toks47
\pgfplots@tmpa=\dimen268
\c@pgfplots@coordindex=\count174
\c@pgfplots@scanlineindex=\count175

(/usr/local/texlive/2019/texmf-dist/tex/generic/pgfplots/sys/pgfplotssysgeneric
.code.tex))
(/usr/local/texlive/2019/texmf-dist/tex/generic/pgfplots/libs/pgfplotslibrary.c
ode.tex)
(/usr/local/texlive/2019/texmf-dist/tex/generic/pgfplots/oldpgfcompatib/pgfplot
soldpgfsupp_loader.code.tex
(/usr/local/texlive/2019/texmf-dist/tex/generic/pgf/libraries/pgflibraryfpu.cod
e.tex)
Package pgfplots: loading complementary arithmetics for your pgf version...

(/usr/local/texlive/2019/texmf-dist/tex/generic/pgfplots/oldpgfcompatib/pgfplot
soldpgfsupp_pgflibraryfpu.code.tex)
(/usr/local/texlive/2019/texmf-dist/tex/generic/pgfplots/oldpgfcompatib/pgfplot
soldpgfsupp_pgfmathfloat.code.tex
\c@pgfmathroundto@lastzeros=\count176
))
(/usr/local/texlive/2019/texmf-dist/tex/generic/pgfplots/util/pgfplotsutil.code
.tex
(/usr/local/texlive/2019/texmf-dist/tex/generic/pgfplots/liststructure/pgfplots
liststructure.code.tex)
(/usr/local/texlive/2019/texmf-dist/tex/generic/pgfplots/liststructure/pgfplots
liststructureext.code.tex)
(/usr/local/texlive/2019/texmf-dist/tex/generic/pgfplots/liststructure/pgfplots
array.code.tex
\c@pgfplotsarray@tmp=\count177
)
(/usr/local/texlive/2019/texmf-dist/tex/generic/pgfplots/liststructure/pgfplots
matrix.code.tex)
(/usr/local/texlive/2019/texmf-dist/tex/generic/pgfplots/numtable/pgfplotstable
shared.code.tex
\c@pgfplotstable@counta=\count178
\t@pgfplotstable@a=\toks48
)
(/usr/local/texlive/2019/texmf-dist/tex/generic/pgfplots/liststructure/pgfplots
deque.code.tex)
(/usr/local/texlive/2019/texmf-dist/tex/generic/pgfplots/util/pgfplotsbinary.co
de.tex
(/usr/local/texlive/2019/texmf-dist/tex/generic/pgfplots/util/pgfplotsbinary.da
ta.code.tex))
(/usr/local/texlive/2019/texmf-dist/tex/generic/pgfplots/util/pgfplotsutil.verb
.code.tex)
(/usr/local/texlive/2019/texmf-dist/tex/generic/pgfplots/libs/pgflibrarypgfplot
s.surfshading.code.tex
\c@pgfplotslibrarysurf@no=\count179

(/usr/local/texlive/2019/texmf-dist/tex/generic/pgfplots/sys/pgflibrarypgfplots
.surfshading.pgfsys-xetex.def
(/usr/local/texlive/2019/texmf-dist/tex/generic/pgfplots/sys/pgflibrarypgfplots
.surfshading.pgfsys-dvipdfmx.def
\c@pgfplotslibrarysurf@streamlen=\count180
))))
(/usr/local/texlive/2019/texmf-dist/tex/generic/pgfplots/util/pgfplotscolormap.
code.tex
(/usr/local/texlive/2019/texmf-dist/tex/generic/pgfplots/util/pgfplotscolor.cod
e.tex))
(/usr/local/texlive/2019/texmf-dist/tex/generic/pgfplots/pgfplotsstackedplots.c
ode.tex)
(/usr/local/texlive/2019/texmf-dist/tex/generic/pgfplots/pgfplotsplothandlers.c
ode.tex
(/usr/local/texlive/2019/texmf-dist/tex/generic/pgfplots/pgfplotsmeshplothandle
r.code.tex
(/usr/local/texlive/2019/texmf-dist/tex/generic/pgfplots/pgfplotsmeshplotimage.
code.tex)))
(/usr/local/texlive/2019/texmf-dist/tex/generic/pgfplots/pgfplots.scaling.code.
tex)
(/usr/local/texlive/2019/texmf-dist/tex/generic/pgfplots/pgfplotscoordprocessin
g.code.tex)
(/usr/local/texlive/2019/texmf-dist/tex/generic/pgfplots/pgfplots.errorbars.cod
e.tex)
(/usr/local/texlive/2019/texmf-dist/tex/generic/pgfplots/pgfplots.markers.code.
tex)
(/usr/local/texlive/2019/texmf-dist/tex/generic/pgfplots/pgfplotsticks.code.tex
)
(/usr/local/texlive/2019/texmf-dist/tex/generic/pgfplots/pgfplots.paths.code.te
x)
(/usr/local/texlive/2019/texmf-dist/tex/generic/pgf/frontendlayer/tikz/librarie
s/tikzlibrarydecorations.code.tex
(/usr/local/texlive/2019/texmf-dist/tex/generic/pgf/modules/pgfmoduledecoration
s.code.tex
\pgfdecoratedcompleteddistance=\dimen269
\pgfdecoratedremainingdistance=\dimen270
\pgfdecoratedinputsegmentcompleteddistance=\dimen271
\pgfdecoratedinputsegmentremainingdistance=\dimen272
\pgf@decorate@distancetomove=\dimen273
\pgf@decorate@repeatstate=\count181
\pgfdecorationsegmentamplitude=\dimen274
\pgfdecorationsegmentlength=\dimen275
)
\tikz@lib@dec@box=\box60
)
(/usr/local/texlive/2019/texmf-dist/tex/generic/pgf/frontendlayer/tikz/librarie
s/tikzlibrarydecorations.pathmorphing.code.tex
(/usr/local/texlive/2019/texmf-dist/tex/generic/pgf/libraries/decorations/pgfli
brarydecorations.pathmorphing.code.tex))
(/usr/local/texlive/2019/texmf-dist/tex/generic/pgf/frontendlayer/tikz/librarie
s/tikzlibrarydecorations.pathreplacing.code.tex
(/usr/local/texlive/2019/texmf-dist/tex/generic/pgf/libraries/decorations/pgfli
brarydecorations.pathreplacing.code.tex))
\pgfplots@numplots=\count182
\pgfplots@xmin@reg=\dimen276
\pgfplots@xmax@reg=\dimen277
\pgfplots@ymin@reg=\dimen278
\pgfplots@ymax@reg=\dimen279
\pgfplots@zmin@reg=\dimen280
\pgfplots@zmax@reg=\dimen281
)
(/usr/local/texlive/2019/texmf-dist/tex/generic/pgf/frontendlayer/tikz/librarie
s/tikzlibraryplotmarks.code.tex
File: tikzlibraryplotmarks.code.tex 2019/04/04 v3.1.2 (3.1.2)

(/usr/local/texlive/2019/texmf-dist/tex/generic/pgf/libraries/pgflibraryplotmar
ks.code.tex
File: pgflibraryplotmarks.code.tex 2019/04/04 v3.1.2 (3.1.2)
)))
(/usr/local/texlive/2019/texmf-dist/tex/latex/beamer/beamerfontthemeprofessiona
lfonts.sty)
(/usr/local/texlive/2019/texmf-dist/tex/latex/beamer/beamerfontthemeserif.sty)
(/usr/local/texlive/2019/texmf-dist/tex/latex/fontspec/fontspec.sty
(/usr/local/texlive/2019/texmf-dist/tex/latex/l3packages/xparse/xparse.sty
(/usr/local/texlive/2019/texmf-dist/tex/latex/l3kernel/expl3.sty
Package: expl3 2019-05-07 L3 programming layer (loader) 

(/usr/local/texlive/2019/texmf-dist/tex/latex/l3kernel/expl3-code.tex
Package: expl3 2019-05-07 L3 programming layer (code)
\c_max_int=\count183
\l_tmpa_int=\count184
\l_tmpb_int=\count185
\g_tmpa_int=\count186
\g_tmpb_int=\count187
\g__kernel_prg_map_int=\count188
\c__ior_term_ior=\count189
\c_log_iow=\count190
\l_iow_line_count_int=\count191
\l__iow_line_target_int=\count192
\l__iow_one_indent_int=\count193
\l__iow_indent_int=\count194
\c_zero_dim=\dimen282
\c_max_dim=\dimen283
\l_tmpa_dim=\dimen284
\l_tmpb_dim=\dimen285
\g_tmpa_dim=\dimen286
\g_tmpb_dim=\dimen287
\c_zero_skip=\skip59
\c_max_skip=\skip60
\l_tmpa_skip=\skip61
\l_tmpb_skip=\skip62
\g_tmpa_skip=\skip63
\g_tmpb_skip=\skip64
\c_zero_muskip=\muskip12
\c_max_muskip=\muskip13
\l_tmpa_muskip=\muskip14
\l_tmpb_muskip=\muskip15
\g_tmpa_muskip=\muskip16
\g_tmpb_muskip=\muskip17
\l_keys_choice_int=\count195
\l__intarray_loop_int=\count196
\c__intarray_sp_dim=\dimen288
\g__intarray_font_int=\count197
\c__fp_leading_shift_int=\count198
\c__fp_middle_shift_int=\count199
\c__fp_trailing_shift_int=\count266
\c__fp_big_leading_shift_int=\count267
\c__fp_big_middle_shift_int=\count268
\c__fp_big_trailing_shift_int=\count269
\c__fp_Bigg_leading_shift_int=\count270
\c__fp_Bigg_middle_shift_int=\count271
\c__fp_Bigg_trailing_shift_int=\count272
\g__fp_array_int=\count273
\l__fp_array_loop_int=\count274
\l__sort_length_int=\count275
\l__sort_min_int=\count276
\l__sort_top_int=\count277
\l__sort_max_int=\count278
\l__sort_true_max_int=\count279
\l__sort_block_int=\count280
\l__sort_begin_int=\count281
\l__sort_end_int=\count282
\l__sort_A_int=\count283
\l__sort_B_int=\count284
\l__sort_C_int=\count285
\l__tl_analysis_normal_int=\count286
\l__tl_analysis_index_int=\count287
\l__tl_analysis_nesting_int=\count288
\l__tl_analysis_type_int=\count289
\l__regex_internal_a_int=\count290
\l__regex_internal_b_int=\count291
\l__regex_internal_c_int=\count292
\l__regex_balance_int=\count293
\l__regex_group_level_int=\count294
\l__regex_mode_int=\count295
\c__regex_cs_in_class_mode_int=\count296
\c__regex_cs_mode_int=\count297
\l__regex_catcodes_int=\count298
\l__regex_default_catcodes_int=\count299
\c__regex_catcode_L_int=\count300
\c__regex_catcode_O_int=\count301
\c__regex_catcode_A_int=\count302
\c__regex_all_catcodes_int=\count303
\l__regex_show_lines_int=\count304
\l__regex_min_state_int=\count305
\l__regex_max_state_int=\count306
\l__regex_left_state_int=\count307
\l__regex_right_state_int=\count308
\l__regex_capturing_group_int=\count309
\l__regex_min_pos_int=\count310
\l__regex_max_pos_int=\count311
\l__regex_curr_pos_int=\count312
\l__regex_start_pos_int=\count313
\l__regex_success_pos_int=\count314
\l__regex_curr_char_int=\count315
\l__regex_curr_catcode_int=\count316
\l__regex_last_char_int=\count317
\l__regex_case_changed_char_int=\count318
\l__regex_curr_state_int=\count319
\l__regex_step_int=\count320
\l__regex_min_active_int=\count321
\l__regex_max_active_int=\count322
\l__regex_replacement_csnames_int=\count323
\l__regex_match_count_int=\count324
\l__regex_min_submatch_int=\count325
\l__regex_submatch_int=\count326
\l__regex_zeroth_submatch_int=\count327
\g__regex_trace_regex_int=\count328
\c_empty_box=\box61
\l_tmpa_box=\box62
\l_tmpb_box=\box63
\g_tmpa_box=\box64
\g_tmpb_box=\box65
\l__box_top_dim=\dimen289
\l__box_bottom_dim=\dimen290
\l__box_left_dim=\dimen291
\l__box_right_dim=\dimen292
\l__box_top_new_dim=\dimen293
\l__box_bottom_new_dim=\dimen294
\l__box_left_new_dim=\dimen295
\l__box_right_new_dim=\dimen296
\l__box_internal_box=\box66
\l__coffin_internal_box=\box67
\l__coffin_internal_dim=\dimen297
\l__coffin_offset_x_dim=\dimen298
\l__coffin_offset_y_dim=\dimen299
\l__coffin_x_dim=\dimen300
\l__coffin_y_dim=\dimen301
\l__coffin_x_prime_dim=\dimen302
\l__coffin_y_prime_dim=\dimen303
\c_empty_coffin=\box68
\l__coffin_aligned_coffin=\box69
\l__coffin_aligned_internal_coffin=\box70
\l_tmpa_coffin=\box71
\l_tmpb_coffin=\box72
\g_tmpa_coffin=\box73
\g_tmpb_coffin=\box74
\l__coffin_bounding_shift_dim=\dimen304
\l__coffin_left_corner_dim=\dimen305
\l__coffin_right_corner_dim=\dimen306
\l__coffin_bottom_corner_dim=\dimen307
\l__coffin_top_corner_dim=\dimen308
\l__coffin_scaled_total_height_dim=\dimen309
\l__coffin_scaled_width_dim=\dimen310
\c__coffin_empty_coffin=\box75
\l__coffin_display_coffin=\box76
\l__coffin_display_coord_coffin=\box77
\l__coffin_display_pole_coffin=\box78
\l__coffin_display_offset_dim=\dimen311
\l__coffin_display_x_dim=\dimen312
\l__coffin_display_y_dim=\dimen313
\g__file_internal_ior=\read2
\l__seq_internal_a_int=\count329
\l__seq_internal_b_int=\count330
\c__deprecation_minus_one=\count331
)
(/usr/local/texlive/2019/texmf-dist/tex/latex/l3kernel/l3xdvipdfmx.def
File: l3xdvipdfmx.def 2019-04-06 v L3 Experimental driver: xdvipdfmx
\g__driver_image_int=\count332
\l__driver_pdf_tmp_box=\box79
\g__driver_pdf_object_int=\count333
\g__driver_pdf_annotation_int=\count334
))
Package: xparse 2019-05-03 L3 Experimental document command parser
\l__xparse_current_arg_int=\count335
\g__xparse_grabber_int=\count336
\l__xparse_m_args_int=\count337
\l__xparse_v_nesting_int=\count338
)
Package: fontspec 2019/03/15 v2.7c Font selection for XeLaTeX and LuaLaTeX

(/usr/local/texlive/2019/texmf-dist/tex/latex/fontspec/fontspec-xetex.sty
Package: fontspec-xetex 2019/03/15 v2.7c Font selection for XeLaTeX and LuaLaTe
X
\l__fontspec_script_int=\count339
\l__fontspec_language_int=\count340
\l__fontspec_strnum_int=\count341
\l__fontspec_tmp_int=\count342
\l__fontspec_tmpa_int=\count343
\l__fontspec_tmpb_int=\count344
\l__fontspec_tmpc_int=\count345
\l__fontspec_em_int=\count346
\l__fontspec_emdef_int=\count347
\l__fontspec_strong_int=\count348
\l__fontspec_strongdef_int=\count349
\l__fontspec_tmpa_dim=\dimen314
\l__fontspec_tmpb_dim=\dimen315
\l__fontspec_tmpc_dim=\dimen316

(/usr/local/texlive/2019/texmf-dist/tex/latex/base/fontenc.sty
Package: fontenc 2018/08/11 v2.0j Standard LaTeX package

(/usr/local/texlive/2019/texmf-dist/tex/latex/base/tuenc.def
File: tuenc.def 2018/08/11 v2.0j Standard LaTeX file
LaTeX Font Info:    Redeclaring font encoding TU on input line 82.
))
(/usr/local/texlive/2019/texmf-dist/tex/latex/fontspec/fontspec.cfg)
LaTeX Info: Redefining \itshape on input line 4051.
LaTeX Info: Redefining \slshape on input line 4056.
LaTeX Info: Redefining \scshape on input line 4061.
LaTeX Info: Redefining \upshape on input line 4066.
LaTeX Info: Redefining \em on input line 4096.
LaTeX Info: Redefining \emph on input line 4121.
))

Package fontspec Info: Font family 'TimesNewRoman(0)' created for font 'Times
(fontspec)             New Roman' with options [Ligatures=TeX].
(fontspec)              
(fontspec)              This font family consists of the following NFSS
(fontspec)             series/shapes:
(fontspec)              
(fontspec)             - 'normal' (m/n) with NFSS spec.: <->"Times New
(fontspec)             Roman/OT:script=latn;language=DFLT;mapping=tex-text;"
(fontspec)             - 'small caps'  (m/sc) with NFSS spec.: 
(fontspec)             - 'bold' (bx/n) with NFSS spec.: <->"Times New
(fontspec)             Roman/B/OT:script=latn;language=DFLT;mapping=tex-text;"
(fontspec)             - 'bold small caps'  (bx/sc) with NFSS spec.: 
(fontspec)             - 'italic' (m/it) with NFSS spec.: <->"Times New
(fontspec)             Roman/I/OT:script=latn;language=DFLT;mapping=tex-text;"
(fontspec)             - 'italic small caps'  (m/itsc) with NFSS spec.: 
(fontspec)             - 'bold italic' (bx/it) with NFSS spec.: <->"Times New
(fontspec)             Roman/BI/OT:script=latn;language=DFLT;mapping=tex-text;"

(fontspec)             - 'bold italic small caps'  (bx/itsc) with NFSS spec.: 

LaTeX Info: Redefining \rmfamily on input line 90.

(/usr/local/texlive/2019/texmf-dist/tex/generic/pgf/frontendlayer/tikz/librarie
s/tikzlibraryshapes.arrows.code.tex
File: tikzlibraryshapes.arrows.code.tex 2019/04/04 v3.1.2 (3.1.2)

(/usr/local/texlive/2019/texmf-dist/tex/generic/pgf/libraries/shapes/pgflibrary
shapes.arrows.code.tex
File: pgflibraryshapes.arrows.code.tex 2019/04/04 v3.1.2 (3.1.2)
)) (./defense.aux)
\openout1 = `defense.aux'.

LaTeX Font Info:    Checking defaults for OML/cmm/m/it on input line 142.
LaTeX Font Info:    ... okay on input line 142.
LaTeX Font Info:    Checking defaults for T1/cmr/m/n on input line 142.
LaTeX Font Info:    ... okay on input line 142.
LaTeX Font Info:    Checking defaults for OT1/cmr/m/n on input line 142.
LaTeX Font Info:    ... okay on input line 142.
LaTeX Font Info:    Checking defaults for OMS/cmsy/m/n on input line 142.
LaTeX Font Info:    ... okay on input line 142.
LaTeX Font Info:    Checking defaults for TU/lmr/m/n on input line 142.
LaTeX Font Info:    ... okay on input line 142.
LaTeX Font Info:    Checking defaults for OMX/cmex/m/n on input line 142.
LaTeX Font Info:    ... okay on input line 142.
LaTeX Font Info:    Checking defaults for U/cmr/m/n on input line 142.
LaTeX Font Info:    ... okay on input line 142.
LaTeX Font Info:    Checking defaults for PD1/pdf/m/n on input line 142.
LaTeX Font Info:    ... okay on input line 142.
LaTeX Font Info:    Checking defaults for PU/pdf/m/n on input line 142.
LaTeX Font Info:    ... okay on input line 142.
LaTeX Font Info:    Checking defaults for T3/cmr/m/n on input line 142.
LaTeX Font Info:    Try loading font information for T3+cmr on input line 142.

(/usr/local/texlive/2019/texmf-dist/tex/latex/tipa/t3cmr.fd
File: t3cmr.fd 2001/12/31 TIPA font definitions
)
LaTeX Font Info:    ... okay on input line 142.

*geometry* driver: auto-detecting
*geometry* detected driver: xetex
*geometry* verbose mode - [ preamble ] result:
* driver: xetex
* paper: custom
* layout: <same size as paper>
* layoutoffset:(h,v)=(0.0pt,0.0pt)
* modes: includehead includefoot 
* h-part:(L,W,R)=(10.95pt, 342.29536pt, 10.95pt)
* v-part:(T,H,B)=(0.0pt, 273.14662pt, 0.0pt)
* \paperwidth=364.19536pt
* \paperheight=273.14662pt
* \textwidth=342.29536pt
* \textheight=244.6939pt
* \oddsidemargin=-61.31999pt
* \evensidemargin=-61.31999pt
* \topmargin=-72.26999pt
* \headheight=14.22636pt
* \headsep=0.0pt
* \topskip=11.0pt
* \footskip=14.22636pt
* \marginparwidth=4.0pt
* \marginparsep=10.0pt
* \columnsep=10.0pt
* \skip\footins=10.0pt plus 4.0pt minus 2.0pt
* \hoffset=0.0pt
* \voffset=0.0pt
* \mag=1000
* \@twocolumnfalse
* \@twosidefalse
* \@mparswitchfalse
* \@reversemarginfalse
* (1in=72.27pt=25.4mm, 1cm=28.453pt)

ABD: EveryShipout initializing macros
\AtBeginShipoutBox=\box80
Package hyperref Info: Link coloring OFF on input line 142.

(/usr/local/texlive/2019/texmf-dist/tex/latex/hyperref/nameref.sty
Package: nameref 2016/05/21 v2.44 Cross-referencing by name of section

(/usr/local/texlive/2019/texmf-dist/tex/generic/oberdiek/gettitlestring.sty
Package: gettitlestring 2016/05/16 v1.5 Cleanup title references (HO)
)
\c@section@level=\count350
)
LaTeX Info: Redefining \ref on input line 142.
LaTeX Info: Redefining \pageref on input line 142.
LaTeX Info: Redefining \nameref on input line 142.

(./defense.out) (./defense.out)
\@outlinefile=\write5
\openout5 = `defense.out'.


(/usr/local/texlive/2019/texmf-dist/tex/latex/translator/translator-basic-dicti
onary-English.dict
Dictionary: translator-basic-dictionary, Language: English 
)
(/usr/local/texlive/2019/texmf-dist/tex/latex/translator/translator-bibliograph
y-dictionary-English.dict
Dictionary: translator-bibliography-dictionary, Language: English 
)
(/usr/local/texlive/2019/texmf-dist/tex/latex/translator/translator-environment
-dictionary-English.dict
Dictionary: translator-environment-dictionary, Language: English 
)
(/usr/local/texlive/2019/texmf-dist/tex/latex/translator/translator-months-dict
ionary-English.dict
Dictionary: translator-months-dictionary, Language: English 
)
(/usr/local/texlive/2019/texmf-dist/tex/latex/translator/translator-numbers-dic
tionary-English.dict
Dictionary: translator-numbers-dictionary, Language: English 
)
(/usr/local/texlive/2019/texmf-dist/tex/latex/translator/translator-theorem-dic
tionary-English.dict
Dictionary: translator-theorem-dictionary, Language: English 
)

Package pgfplots Warning: running in backwards compatibility mode (unsuitable t
ick labels; missing features). Consider writing \pgfplotsset{compat=1.16} into 
your preamble.
 on input line 142.


Package fontspec Info: Adjusting the maths setup (use [no-math] to avoid
(fontspec)             this).

\symlegacymaths=\mathgroup6
LaTeX Font Info:    Overwriting symbol font `legacymaths' in version `bold'
(Font)                  OT1/cmr/m/n --> OT1/cmr/bx/n on input line 142.
LaTeX Font Info:    Redeclaring math accent \acute on input line 142.
LaTeX Font Info:    Redeclaring math accent \grave on input line 142.
LaTeX Font Info:    Redeclaring math accent \ddot on input line 142.
LaTeX Font Info:    Redeclaring math accent \tilde on input line 142.
LaTeX Font Info:    Redeclaring math accent \bar on input line 142.
LaTeX Font Info:    Redeclaring math accent \breve on input line 142.
LaTeX Font Info:    Redeclaring math accent \check on input line 142.
LaTeX Font Info:    Redeclaring math accent \hat on input line 142.
LaTeX Font Info:    Redeclaring math accent \dot on input line 142.
LaTeX Font Info:    Redeclaring math accent \mathring on input line 142.
LaTeX Font Info:    Redeclaring math symbol \Gamma on input line 142.
LaTeX Font Info:    Redeclaring math symbol \Delta on input line 142.
LaTeX Font Info:    Redeclaring math symbol \Theta on input line 142.
LaTeX Font Info:    Redeclaring math symbol \Lambda on input line 142.
LaTeX Font Info:    Redeclaring math symbol \Xi on input line 142.
LaTeX Font Info:    Redeclaring math symbol \Pi on input line 142.
LaTeX Font Info:    Redeclaring math symbol \Sigma on input line 142.
LaTeX Font Info:    Redeclaring math symbol \Upsilon on input line 142.
LaTeX Font Info:    Redeclaring math symbol \Phi on input line 142.
LaTeX Font Info:    Redeclaring math symbol \Psi on input line 142.
LaTeX Font Info:    Redeclaring math symbol \Omega on input line 142.
LaTeX Font Info:    Redeclaring math symbol \mathdollar on input line 142.
LaTeX Font Info:    Redeclaring symbol font `operators' on input line 142.
LaTeX Font Info:    Encoding `OT1' has changed to `TU' for symbol font
(Font)              `operators' in the math version `normal' on input line 142.

LaTeX Font Info:    Overwriting symbol font `operators' in version `normal'
(Font)                  OT1/cmr/m/n --> TU/TimesNewRoman(0)/m/n on input line 1
42.
LaTeX Font Info:    Encoding `OT1' has changed to `TU' for symbol font
(Font)              `operators' in the math version `bold' on input line 142.
LaTeX Font Info:    Overwriting symbol font `operators' in version `bold'
(Font)                  OT1/cmr/bx/n --> TU/TimesNewRoman(0)/m/n on input line 
142.
LaTeX Font Info:    Overwriting symbol font `operators' in version `normal'
(Font)                  TU/TimesNewRoman(0)/m/n --> TU/TimesNewRoman(0)/m/n on 
input line 142.
LaTeX Font Info:    Overwriting math alphabet `\mathit' in version `normal'
(Font)                  OT1/cmr/m/it --> TU/TimesNewRoman(0)/m/it on input line
 142.
LaTeX Font Info:    Overwriting math alphabet `\mathbf' in version `normal'
(Font)                  OT1/cmr/bx/n --> TU/TimesNewRoman(0)/bx/n on input line
 142.
LaTeX Font Info:    Overwriting math alphabet `\mathsf' in version `normal'
(Font)                  OT1/cmss/m/n --> TU/lmss/m/n on input line 142.
LaTeX Font Info:    Overwriting math alphabet `\mathtt' in version `normal'
(Font)                  OT1/cmtt/m/n --> TU/lmtt/m/n on input line 142.
LaTeX Font Info:    Overwriting symbol font `operators' in version `bold'
(Font)                  TU/TimesNewRoman(0)/m/n --> TU/TimesNewRoman(0)/bx/n on
 input line 142.
LaTeX Font Info:    Overwriting math alphabet `\mathit' in version `bold'
(Font)                  OT1/cmr/bx/it --> TU/TimesNewRoman(0)/bx/it on input li
ne 142.
LaTeX Font Info:    Overwriting math alphabet `\mathsf' in version `bold'
(Font)                  OT1/cmss/bx/n --> TU/lmss/bx/n on input line 142.
LaTeX Font Info:    Overwriting math alphabet `\mathtt' in version `bold'
(Font)                  OT1/cmtt/m/n --> TU/lmtt/bx/n on input line 142.
(./defense.nav)
LaTeX Font Info:    Try loading font information for U+msa on input line 153.
 (/usr/local/texlive/2019/texmf-dist/tex/latex/amsfonts/umsa.fd
File: umsa.fd 2013/01/14 v3.01 AMS symbols A
)
LaTeX Font Info:    Try loading font information for U+msb on input line 153.
(/usr/local/texlive/2019/texmf-dist/tex/latex/amsfonts/umsb.fd
File: umsb.fd 2013/01/14 v3.01 AMS symbols B
) [1

] [2

]
[3

] [4

] [5

] [6

] [7

] [8

] [9

] [10

] [11

] [12

]
LaTeX Font Info:    Try loading font information for T3+TimesNewRoman(0) on inp
ut line 248.
LaTeX Font Info:    No file T3TimesNewRoman(0).fd. on input line 248.


LaTeX Font Warning: Font shape `T3/TimesNewRoman(0)/m/n' undefined
(Font)              using `T3/cmr/m/n' instead on input line 248.

[13

] [14

] [15

] [16

] [17

] [18

] [19

] [20

] [21

] [22

]
File: figures/nativeVowel.png Graphic file (type bmp)
<figures/nativeVowel.png>
 [23

] [24

] [25

] [26

] [27

]
[28

] [29

] [30

] [31

] [32

] [33

] [34

]
File: figures/accent.png Graphic file (type bmp)
<figures/accent.png>
File: figures/saademo.png Graphic file (type bmp)
<figures/saademo.png>
 [35

] [36

] [37

] [38

] [39

]
File: figures/dtw1.png Graphic file (type bmp)
<figures/dtw1.png>
File: figures/dtw2.png Graphic file (type bmp)
<figures/dtw2.png>
 [40

]
File: figures/demo1.png Graphic file (type bmp)
<figures/demo1.png>
 [41

]
File: figures/demo2.png Graphic file (type bmp)
<figures/demo2.png>
 [42

]
File: figures/demo3.png Graphic file (type bmp)
<figures/demo3.png>

[43

]
File: figures/demo4.png Graphic file (type bmp)
<figures/demo4.png>
 [44

]
File: figures/demo5.png Graphic file (type bmp)
<figures/demo5.png>

Overfull \vbox (11.14352pt too high) detected at line 562
 []

[45

] [46

] (./figures/results/exp1/general_bar.tex) [47

]
(./figures/results/exp2/ssanova.tex) [48

] [49

] [50

] [51

] [52

] [53

] [54

]
[55

] [56

] [57

] [58

] [59

] [60

] [61

]
File: figures/results/exp2/exp2.jpg Graphic file (type bmp)
<figures/results/exp2/exp2.jpg>
 [62

] [63

] (./figures/results/exp2/bar2.tex)
[64

] (./figures/results/exp2/ssanova2.tex) [65

]
(./figures/results/exp2/fivethick.tex
PGFPlots: reading {figures/results/exp2/data_fth.txt}
PGFPlots: reading {figures/results/exp2/data_fth.txt}

NOTE: coordinate (6.35,4) has been dropped because of a coordinate filter. (see
 also unbounded coords=jump). 
PGFPlots: reading {figures/results/exp2/data_fth.txt}
NOTE: coordinate (4.43,1) has been dropped because of a coordinate filter. (see
 also unbounded coords=jump). 
NOTE: coordinate (4.92,2) has been dropped because of a coordinate filter. (see
 also unbounded coords=jump). 
NOTE: coordinate (5.14,3) has been dropped because of a coordinate filter. (see
 also unbounded coords=jump). 
PGFPlots: reading {figures/results/exp2/data_fth.txt}
) [66

] (./figures/results/exp2/cdel.tex
PGFPlots: reading {figures/results/exp2/cdel.txt}
PGFPlots: reading {figures/results/exp2/cdel.txt}

NOTE: coordinate (4.75,2) has been dropped because of a coordinate filter. (see
 also unbounded coords=jump). 
NOTE: coordinate (3.14,3) has been dropped because of a coordinate filter. (see
 also unbounded coords=jump). 
PGFPlots: reading {figures/results/exp2/cdel.txt}
NOTE: coordinate (5.73,1) has been dropped because of a coordinate filter. (see
 also unbounded coords=jump). 
PGFPlots: reading {figures/results/exp2/cdel.txt}
) [67

] (./figures/results/exp2/vot.tex
PGFPlots: reading {figures/results/exp2/data.txt}
PGFPlots: reading {figures/results/exp2/data.txt}

NOTE: coordinate (4.77,2) has been dropped because of a coordinate filter. (see
 also unbounded coords=jump). 
NOTE: coordinate (4.17,3) has been dropped because of a coordinate filter. (see
 also unbounded coords=jump). 
PGFPlots: reading {figures/results/exp2/data.txt}
NOTE: coordinate (6.93,1) has been dropped because of a coordinate filter. (see
 also unbounded coords=jump). 
PGFPlots: reading {figures/results/exp2/data.txt}
)

Class beamer Warning: Frame text is shrunk by a factor of 11.84082 percent inst
ead of 10 percent on input line 703.

[68

] [69

] [70

] [71

] [72

] [73

] [74

] [75

]
Overfull \hbox (6.62068pt too wide) in paragraph at lines 818--818
 [] 
 []


Class beamer Warning: Frame text is shrunk by a factor of 16.93268 percent inst
ead of 10 percent on input line 818.

[76

]
File: figures/ndl.png Graphic file (type bmp)
<figures/ndl.png>

Overfull \vbox (26.415pt too high) detected at line 829
 []

[77

] (./figures/results/exp3/all.tex) [78

] [79

] [80

]
(./figures/results/exp3/con.tex)

Class beamer Warning: Frame text is shrunk by a factor of 31.31561 percent inst
ead of 30 percent on input line 868.

[81

] (./figures/results/exp3/syl.tex) [82

] (./figures/results/exp3/vow.tex)

Class beamer Warning: Frame text is shrunk by a factor of 31.31561 percent inst
ead of 30 percent on input line 889.

[83

]
Overfull \hbox (5.0797pt too wide) in paragraph at lines 932--932
 [] 
 []

[84

] [85

] [86

] [87

] [88

] [89

] [90

] [91

] [92

] [93

] [94

]

Class beamer Warning: Frame text is shrunk by a factor of 21.73615 percent inst
ead of 20 percent on input line 1038.

[95

] [96

]
File: figures/sup/smallplastic.png Graphic file (type bmp)
<figures/sup/smallplastic.png>
 [97

] (./figures/results/exp2/pleasecall.tex
PGFPlots: reading {figures/results/exp2/data_plc.txt}
PGFPlots: reading {figures/results/exp2/data_plc.txt}

NOTE: coordinate (3.87,2) has been dropped because of a coordinate filter. (see
 also unbounded coords=jump). 
NOTE: coordinate (3.90,3) has been dropped because of a coordinate filter. (see
 also unbounded coords=jump). 
NOTE: coordinate (4.56,4) has been dropped because of a coordinate filter. (see
 also unbounded coords=jump). 
NOTE: coordinate (5.03,5) has been dropped because of a coordinate filter. (see
 also unbounded coords=jump). 
NOTE: coordinate (5.03,6) has been dropped because of a coordinate filter. (see
 also unbounded coords=jump). 
NOTE: coordinate (5.46,7) has been dropped because of a coordinate filter. (see
 also unbounded coords=jump). 
NOTE: coordinate (6.33,8) has been dropped because of a coordinate filter. (see
 also unbounded coords=jump). 
NOTE: coordinate (7.03,9) has been dropped because of a coordinate filter. (see
 also unbounded coords=jump). 
PGFPlots: reading {figures/results/exp2/data_plc.txt}
NOTE: coordinate (3.83,1) has been dropped because of a coordinate filter. (see
 also unbounded coords=jump). 
NOTE: coordinate (3.90,3) has been dropped because of a coordinate filter. (see
 also unbounded coords=jump). 
NOTE: coordinate (4.56,4) has been dropped because of a coordinate filter. (see
 also unbounded coords=jump). 
NOTE: coordinate (5.03,5) has been dropped because of a coordinate filter. (see
 also unbounded coords=jump). 
NOTE: coordinate (5.03,6) has been dropped because of a coordinate filter. (see
 also unbounded coords=jump). 
NOTE: coordinate (5.46,7) has been dropped because of a coordinate filter. (see
 also unbounded coords=jump). 
NOTE: coordinate (6.33,8) has been dropped because of a coordinate filter. (see
 also unbounded coords=jump). 
NOTE: coordinate (7.03,9) has been dropped because of a coordinate filter. (see
 also unbounded coords=jump). 
PGFPlots: reading {figures/results/exp2/data_plc.txt}
NOTE: coordinate (3.83,1) has been dropped because of a coordinate filter. (see
 also unbounded coords=jump). 
NOTE: coordinate (3.87,2) has been dropped because of a coordinate filter. (see
 also unbounded coords=jump). 
NOTE: coordinate (5.03,5) has been dropped because of a coordinate filter. (see
 also unbounded coords=jump). 
NOTE: coordinate (5.03,6) has been dropped because of a coordinate filter. (see
 also unbounded coords=jump). 
NOTE: coordinate (5.46,7) has been dropped because of a coordinate filter. (see
 also unbounded coords=jump). 
NOTE: coordinate (6.33,8) has been dropped because of a coordinate filter. (see
 also unbounded coords=jump). 
NOTE: coordinate (7.03,9) has been dropped because of a coordinate filter. (see
 also unbounded coords=jump). 
PGFPlots: reading {figures/results/exp2/data_plc.txt}
NOTE: coordinate (3.83,1) has been dropped because of a coordinate filter. (see
 also unbounded coords=jump). 
NOTE: coordinate (3.87,2) has been dropped because of a coordinate filter. (see
 also unbounded coords=jump). 
NOTE: coordinate (3.90,3) has been dropped because of a coordinate filter. (see
 also unbounded coords=jump). 
NOTE: coordinate (4.56,4) has been dropped because of a coordinate filter. (see
 also unbounded coords=jump). 
NOTE: coordinate (5.03,6) has been dropped because of a coordinate filter. (see
 also unbounded coords=jump). 
NOTE: coordinate (5.46,7) has been dropped because of a coordinate filter. (see
 also unbounded coords=jump). 
NOTE: coordinate (6.33,8) has been dropped because of a coordinate filter. (see
 also unbounded coords=jump). 
NOTE: coordinate (7.03,9) has been dropped because of a coordinate filter. (see
 also unbounded coords=jump). 
PGFPlots: reading {figures/results/exp2/data_plc.txt}
NOTE: coordinate (3.83,1) has been dropped because of a coordinate filter. (see
 also unbounded coords=jump). 
NOTE: coordinate (3.87,2) has been dropped because of a coordinate filter. (see
 also unbounded coords=jump). 
NOTE: coordinate (3.90,3) has been dropped because of a coordinate filter. (see
 also unbounded coords=jump). 
NOTE: coordinate (4.56,4) has been dropped because of a coordinate filter. (see
 also unbounded coords=jump). 
NOTE: coordinate (5.03,5) has been dropped because of a coordinate filter. (see
 also unbounded coords=jump). 
NOTE: coordinate (6.33,8) has been dropped because of a coordinate filter. (see
 also unbounded coords=jump). 
NOTE: coordinate (7.03,9) has been dropped because of a coordinate filter. (see
 also unbounded coords=jump). 
PGFPlots: reading {figures/results/exp2/data_plc.txt}
NOTE: coordinate (3.83,1) has been dropped because of a coordinate filter. (see
 also unbounded coords=jump). 
NOTE: coordinate (3.87,2) has been dropped because of a coordinate filter. (see
 also unbounded coords=jump). 
NOTE: coordinate (3.90,3) has been dropped because of a coordinate filter. (see
 also unbounded coords=jump). 
NOTE: coordinate (4.56,4) has been dropped because of a coordinate filter. (see
 also unbounded coords=jump). 
NOTE: coordinate (5.03,5) has been dropped because of a coordinate filter. (see
 also unbounded coords=jump). 
NOTE: coordinate (5.03,6) has been dropped because of a coordinate filter. (see
 also unbounded coords=jump). 
NOTE: coordinate (5.46,7) has been dropped because of a coordinate filter. (see
 also unbounded coords=jump). 
NOTE: coordinate (7.03,9) has been dropped because of a coordinate filter. (see
 also unbounded coords=jump). 
PGFPlots: reading {figures/results/exp2/data_plc.txt}
NOTE: coordinate (3.83,1) has been dropped because of a coordinate filter. (see
 also unbounded coords=jump). 
NOTE: coordinate (3.87,2) has been dropped because of a coordinate filter. (see
 also unbounded coords=jump). 
NOTE: coordinate (3.90,3) has been dropped because of a coordinate filter. (see
 also unbounded coords=jump). 
NOTE: coordinate (4.56,4) has been dropped because of a coordinate filter. (see
 also unbounded coords=jump). 
NOTE: coordinate (5.03,5) has been dropped because of a coordinate filter. (see
 also unbounded coords=jump). 
NOTE: coordinate (5.03,6) has been dropped because of a coordinate filter. (see
 also unbounded coords=jump). 
NOTE: coordinate (5.46,7) has been dropped because of a coordinate filter. (see
 also unbounded coords=jump). 
NOTE: coordinate (6.33,8) has been dropped because of a coordinate filter. (see
 also unbounded coords=jump). 
PGFPlots: reading {figures/results/exp2/data_plc.txt}
)
Overfull \hbox (8.30968pt too wide) in paragraph at lines 49--1086
 [] 
 []

[98

] (./figures/sup/fivethick.tex
PGFPlots: reading {figures/sup/data_fth.txt}
PGFPlots: reading {figures/sup/data_fth.txt}

NOTE: coordinate (4.43,2) has been dropped because of a coordinate filter. (see
 also unbounded coords=jump). 
NOTE: coordinate (4.92,3) has been dropped because of a coordinate filter. (see
 also unbounded coords=jump). 
NOTE: coordinate (5.14,4) has been dropped because of a coordinate filter. (see
 also unbounded coords=jump). 
NOTE: coordinate (5.36,5) has been dropped because of a coordinate filter. (see
 also unbounded coords=jump). 
NOTE: coordinate (5.42,6) has been dropped because of a coordinate filter. (see
 also unbounded coords=jump). 
NOTE: coordinate (6.02,7) has been dropped because of a coordinate filter. (see
 also unbounded coords=jump). 
NOTE: coordinate (6.11,8) has been dropped because of a coordinate filter. (see
 also unbounded coords=jump). 
NOTE: coordinate (6.35,9) has been dropped because of a coordinate filter. (see
 also unbounded coords=jump). 
PGFPlots: reading {figures/sup/data_fth.txt}
NOTE: coordinate (4.40,1) has been dropped because of a coordinate filter. (see
 also unbounded coords=jump). 
NOTE: coordinate (4.92,3) has been dropped because of a coordinate filter. (see
 also unbounded coords=jump). 
NOTE: coordinate (5.14,4) has been dropped because of a coordinate filter. (see
 also unbounded coords=jump). 
NOTE: coordinate (5.36,5) has been dropped because of a coordinate filter. (see
 also unbounded coords=jump). 
NOTE: coordinate (5.42,6) has been dropped because of a coordinate filter. (see
 also unbounded coords=jump). 
NOTE: coordinate (6.02,7) has been dropped because of a coordinate filter. (see
 also unbounded coords=jump). 
NOTE: coordinate (6.11,8) has been dropped because of a coordinate filter. (see
 also unbounded coords=jump). 
NOTE: coordinate (6.35,9) has been dropped because of a coordinate filter. (see
 also unbounded coords=jump). 
PGFPlots: reading {figures/sup/data_fth.txt}
NOTE: coordinate (4.40,1) has been dropped because of a coordinate filter. (see
 also unbounded coords=jump). 
NOTE: coordinate (4.43,2) has been dropped because of a coordinate filter. (see
 also unbounded coords=jump). 
NOTE: coordinate (5.36,5) has been dropped because of a coordinate filter. (see
 also unbounded coords=jump). 
NOTE: coordinate (5.42,6) has been dropped because of a coordinate filter. (see
 also unbounded coords=jump). 
NOTE: coordinate (6.02,7) has been dropped because of a coordinate filter. (see
 also unbounded coords=jump). 
NOTE: coordinate (6.11,8) has been dropped because of a coordinate filter. (see
 also unbounded coords=jump). 
NOTE: coordinate (6.35,9) has been dropped because of a coordinate filter. (see
 also unbounded coords=jump). 
PGFPlots: reading {figures/sup/data_fth.txt}
NOTE: coordinate (4.40,1) has been dropped because of a coordinate filter. (see
 also unbounded coords=jump). 
NOTE: coordinate (4.43,2) has been dropped because of a coordinate filter. (see
 also unbounded coords=jump). 
NOTE: coordinate (4.92,3) has been dropped because of a coordinate filter. (see
 also unbounded coords=jump). 
NOTE: coordinate (5.14,4) has been dropped because of a coordinate filter. (see
 also unbounded coords=jump). 
NOTE: coordinate (5.42,6) has been dropped because of a coordinate filter. (see
 also unbounded coords=jump). 
NOTE: coordinate (6.02,7) has been dropped because of a coordinate filter. (see
 also unbounded coords=jump). 
NOTE: coordinate (6.11,8) has been dropped because of a coordinate filter. (see
 also unbounded coords=jump). 
NOTE: coordinate (6.35,9) has been dropped because of a coordinate filter. (see
 also unbounded coords=jump). 
PGFPlots: reading {figures/sup/data_fth.txt}
NOTE: coordinate (4.40,1) has been dropped because of a coordinate filter. (see
 also unbounded coords=jump). 
NOTE: coordinate (4.43,2) has been dropped because of a coordinate filter. (see
 also unbounded coords=jump). 
NOTE: coordinate (4.92,3) has been dropped because of a coordinate filter. (see
 also unbounded coords=jump). 
NOTE: coordinate (5.14,4) has been dropped because of a coordinate filter. (see
 also unbounded coords=jump). 
NOTE: coordinate (5.36,5) has been dropped because of a coordinate filter. (see
 also unbounded coords=jump). 
NOTE: coordinate (6.35,9) has been dropped because of a coordinate filter. (see
 also unbounded coords=jump). 
PGFPlots: reading {figures/sup/data_fth.txt}
NOTE: coordinate (4.40,1) has been dropped because of a coordinate filter. (see
 also unbounded coords=jump). 
NOTE: coordinate (4.43,2) has been dropped because of a coordinate filter. (see
 also unbounded coords=jump). 
NOTE: coordinate (4.92,3) has been dropped because of a coordinate filter. (see
 also unbounded coords=jump). 
NOTE: coordinate (5.14,4) has been dropped because of a coordinate filter. (see
 also unbounded coords=jump). 
NOTE: coordinate (5.36,5) has been dropped because of a coordinate filter. (see
 also unbounded coords=jump). 
NOTE: coordinate (5.42,6) has been dropped because of a coordinate filter. (see
 also unbounded coords=jump). 
NOTE: coordinate (6.02,7) has been dropped because of a coordinate filter. (see
 also unbounded coords=jump). 
NOTE: coordinate (6.11,8) has been dropped because of a coordinate filter. (see
 also unbounded coords=jump). 
PGFPlots: reading {figures/sup/data_fth.txt}
)
Overfull \hbox (3.42436pt too wide) in paragraph at lines 49--1115
 [] 
 []

[99

] (./figures/sup/askher.tex
PGFPlots: reading {figures/sup/data_askher.txt}
PGFPlots: reading {figures/sup/data_askher.txt}

NOTE: coordinate (4.85,2) has been dropped because of a coordinate filter. (see
 also unbounded coords=jump). 
NOTE: coordinate (5.10,3) has been dropped because of a coordinate filter. (see
 also unbounded coords=jump). 
NOTE: coordinate (5.49,4) has been dropped because of a coordinate filter. (see
 also unbounded coords=jump). 
NOTE: coordinate (5.77,5) has been dropped because of a coordinate filter. (see
 also unbounded coords=jump). 
NOTE: coordinate (6.00,6) has been dropped because of a coordinate filter. (see
 also unbounded coords=jump). 
NOTE: coordinate (6.54,7) has been dropped because of a coordinate filter. (see
 also unbounded coords=jump). 
NOTE: coordinate (6.96,8) has been dropped because of a coordinate filter. (see
 also unbounded coords=jump). 
PGFPlots: reading {figures/sup/data_askher.txt}
NOTE: coordinate (4.45,1) has been dropped because of a coordinate filter. (see
 also unbounded coords=jump). 
NOTE: coordinate (5.10,3) has been dropped because of a coordinate filter. (see
 also unbounded coords=jump). 
NOTE: coordinate (5.49,4) has been dropped because of a coordinate filter. (see
 also unbounded coords=jump). 
NOTE: coordinate (5.77,5) has been dropped because of a coordinate filter. (see
 also unbounded coords=jump). 
NOTE: coordinate (6.00,6) has been dropped because of a coordinate filter. (see
 also unbounded coords=jump). 
NOTE: coordinate (6.54,7) has been dropped because of a coordinate filter. (see
 also unbounded coords=jump). 
NOTE: coordinate (6.96,8) has been dropped because of a coordinate filter. (see
 also unbounded coords=jump). 
PGFPlots: reading {figures/sup/data_askher.txt}
NOTE: coordinate (4.45,1) has been dropped because of a coordinate filter. (see
 also unbounded coords=jump). 
NOTE: coordinate (4.85,2) has been dropped because of a coordinate filter. (see
 also unbounded coords=jump). 
NOTE: coordinate (6.00,6) has been dropped because of a coordinate filter. (see
 also unbounded coords=jump). 
NOTE: coordinate (6.54,7) has been dropped because of a coordinate filter. (see
 also unbounded coords=jump). 
NOTE: coordinate (6.96,8) has been dropped because of a coordinate filter. (see
 also unbounded coords=jump). 
PGFPlots: reading {figures/sup/data_askher.txt}
NOTE: coordinate (4.45,1) has been dropped because of a coordinate filter. (see
 also unbounded coords=jump). 
NOTE: coordinate (4.85,2) has been dropped because of a coordinate filter. (see
 also unbounded coords=jump). 
NOTE: coordinate (5.10,3) has been dropped because of a coordinate filter. (see
 also unbounded coords=jump). 
NOTE: coordinate (5.49,4) has been dropped because of a coordinate filter. (see
 also unbounded coords=jump). 
NOTE: coordinate (5.77,5) has been dropped because of a coordinate filter. (see
 also unbounded coords=jump). 
NOTE: coordinate (6.54,7) has been dropped because of a coordinate filter. (see
 also unbounded coords=jump). 
NOTE: coordinate (6.96,8) has been dropped because of a coordinate filter. (see
 also unbounded coords=jump). 
PGFPlots: reading {figures/sup/data_askher.txt}
NOTE: coordinate (4.45,1) has been dropped because of a coordinate filter. (see
 also unbounded coords=jump). 
NOTE: coordinate (4.85,2) has been dropped because of a coordinate filter. (see
 also unbounded coords=jump). 
NOTE: coordinate (5.10,3) has been dropped because of a coordinate filter. (see
 also unbounded coords=jump). 
NOTE: coordinate (5.49,4) has been dropped because of a coordinate filter. (see
 also unbounded coords=jump). 
NOTE: coordinate (5.77,5) has been dropped because of a coordinate filter. (see
 also unbounded coords=jump). 
NOTE: coordinate (6.00,6) has been dropped because of a coordinate filter. (see
 also unbounded coords=jump). 
PGFPlots: reading {figures/sup/data_askher.txt}
) [100

] (./figures/sup/smp.tex
PGFPlots: reading {figures/sup/data_smp.txt}
PGFPlots: reading {figures/sup/data_smp.txt}

NOTE: coordinate (4.60,2) has been dropped because of a coordinate filter. (see
 also unbounded coords=jump). 
NOTE: coordinate (4.85,3) has been dropped because of a coordinate filter. (see
 also unbounded coords=jump). 
NOTE: coordinate (4.96,4) has been dropped because of a coordinate filter. (see
 also unbounded coords=jump). 
NOTE: coordinate (5.15,5) has been dropped because of a coordinate filter. (see
 also unbounded coords=jump). 
NOTE: coordinate (5.24,6) has been dropped because of a coordinate filter. (see
 also unbounded coords=jump). 
NOTE: coordinate (5.36,7) has been dropped because of a coordinate filter. (see
 also unbounded coords=jump). 
NOTE: coordinate (5.61,8) has been dropped because of a coordinate filter. (see
 also unbounded coords=jump). 
NOTE: coordinate (6.13,9) has been dropped because of a coordinate filter. (see
 also unbounded coords=jump). 
NOTE: coordinate (6.48,10) has been dropped because of a coordinate filter. (se
e also unbounded coords=jump). 
NOTE: coordinate (6.60,11) has been dropped because of a coordinate filter. (se
e also unbounded coords=jump). 
PGFPlots: reading {figures/sup/data_smp.txt}
NOTE: coordinate (4.42,1) has been dropped because of a coordinate filter. (see
 also unbounded coords=jump). 
NOTE: coordinate (4.85,3) has been dropped because of a coordinate filter. (see
 also unbounded coords=jump). 
NOTE: coordinate (4.96,4) has been dropped because of a coordinate filter. (see
 also unbounded coords=jump). 
NOTE: coordinate (5.15,5) has been dropped because of a coordinate filter. (see
 also unbounded coords=jump). 
NOTE: coordinate (5.24,6) has been dropped because of a coordinate filter. (see
 also unbounded coords=jump). 
NOTE: coordinate (5.36,7) has been dropped because of a coordinate filter. (see
 also unbounded coords=jump). 
NOTE: coordinate (5.61,8) has been dropped because of a coordinate filter. (see
 also unbounded coords=jump). 
NOTE: coordinate (6.13,9) has been dropped because of a coordinate filter. (see
 also unbounded coords=jump). 
NOTE: coordinate (6.48,10) has been dropped because of a coordinate filter. (se
e also unbounded coords=jump). 
NOTE: coordinate (6.60,11) has been dropped because of a coordinate filter. (se
e also unbounded coords=jump). 
PGFPlots: reading {figures/sup/data_smp.txt}
NOTE: coordinate (4.42,1) has been dropped because of a coordinate filter. (see
 also unbounded coords=jump). 
NOTE: coordinate (4.60,2) has been dropped because of a coordinate filter. (see
 also unbounded coords=jump). 
NOTE: coordinate (4.96,4) has been dropped because of a coordinate filter. (see
 also unbounded coords=jump). 
NOTE: coordinate (5.15,5) has been dropped because of a coordinate filter. (see
 also unbounded coords=jump). 
NOTE: coordinate (5.24,6) has been dropped because of a coordinate filter. (see
 also unbounded coords=jump). 
NOTE: coordinate (5.36,7) has been dropped because of a coordinate filter. (see
 also unbounded coords=jump). 
NOTE: coordinate (5.61,8) has been dropped because of a coordinate filter. (see
 also unbounded coords=jump). 
NOTE: coordinate (6.13,9) has been dropped because of a coordinate filter. (see
 also unbounded coords=jump). 
NOTE: coordinate (6.48,10) has been dropped because of a coordinate filter. (se
e also unbounded coords=jump). 
NOTE: coordinate (6.60,11) has been dropped because of a coordinate filter. (se
e also unbounded coords=jump). 
PGFPlots: reading {figures/sup/data_smp.txt}
NOTE: coordinate (4.42,1) has been dropped because of a coordinate filter. (see
 also unbounded coords=jump). 
NOTE: coordinate (4.60,2) has been dropped because of a coordinate filter. (see
 also unbounded coords=jump). 
NOTE: coordinate (4.85,3) has been dropped because of a coordinate filter. (see
 also unbounded coords=jump). 
NOTE: coordinate (5.15,5) has been dropped because of a coordinate filter. (see
 also unbounded coords=jump). 
NOTE: coordinate (5.24,6) has been dropped because of a coordinate filter. (see
 also unbounded coords=jump). 
NOTE: coordinate (5.36,7) has been dropped because of a coordinate filter. (see
 also unbounded coords=jump). 
NOTE: coordinate (5.61,8) has been dropped because of a coordinate filter. (see
 also unbounded coords=jump). 
NOTE: coordinate (6.13,9) has been dropped because of a coordinate filter. (see
 also unbounded coords=jump). 
NOTE: coordinate (6.48,10) has been dropped because of a coordinate filter. (se
e also unbounded coords=jump). 
NOTE: coordinate (6.60,11) has been dropped because of a coordinate filter. (se
e also unbounded coords=jump). 
PGFPlots: reading {figures/sup/data_smp.txt}
NOTE: coordinate (4.42,1) has been dropped because of a coordinate filter. (see
 also unbounded coords=jump). 
NOTE: coordinate (4.60,2) has been dropped because of a coordinate filter. (see
 also unbounded coords=jump). 
NOTE: coordinate (4.85,3) has been dropped because of a coordinate filter. (see
 also unbounded coords=jump). 
NOTE: coordinate (4.96,4) has been dropped because of a coordinate filter. (see
 also unbounded coords=jump). 
NOTE: coordinate (5.24,6) has been dropped because of a coordinate filter. (see
 also unbounded coords=jump). 
NOTE: coordinate (5.36,7) has been dropped because of a coordinate filter. (see
 also unbounded coords=jump). 
NOTE: coordinate (5.61,8) has been dropped because of a coordinate filter. (see
 also unbounded coords=jump). 
NOTE: coordinate (6.13,9) has been dropped because of a coordinate filter. (see
 also unbounded coords=jump). 
NOTE: coordinate (6.48,10) has been dropped because of a coordinate filter. (se
e also unbounded coords=jump). 
NOTE: coordinate (6.60,11) has been dropped because of a coordinate filter. (se
e also unbounded coords=jump). 
PGFPlots: reading {figures/sup/data_smp.txt}
NOTE: coordinate (4.42,1) has been dropped because of a coordinate filter. (see
 also unbounded coords=jump). 
NOTE: coordinate (4.60,2) has been dropped because of a coordinate filter. (see
 also unbounded coords=jump). 
NOTE: coordinate (4.85,3) has been dropped because of a coordinate filter. (see
 also unbounded coords=jump). 
NOTE: coordinate (4.96,4) has been dropped because of a coordinate filter. (see
 also unbounded coords=jump). 
NOTE: coordinate (5.15,5) has been dropped because of a coordinate filter. (see
 also unbounded coords=jump). 
NOTE: coordinate (5.36,7) has been dropped because of a coordinate filter. (see
 also unbounded coords=jump). 
NOTE: coordinate (5.61,8) has been dropped because of a coordinate filter. (see
 also unbounded coords=jump). 
NOTE: coordinate (6.13,9) has been dropped because of a coordinate filter. (see
 also unbounded coords=jump). 
NOTE: coordinate (6.48,10) has been dropped because of a coordinate filter. (se
e also unbounded coords=jump). 
NOTE: coordinate (6.60,11) has been dropped because of a coordinate filter. (se
e also unbounded coords=jump). 
PGFPlots: reading {figures/sup/data_smp.txt}
NOTE: coordinate (4.42,1) has been dropped because of a coordinate filter. (see
 also unbounded coords=jump). 
NOTE: coordinate (4.60,2) has been dropped because of a coordinate filter. (see
 also unbounded coords=jump). 
NOTE: coordinate (4.85,3) has been dropped because of a coordinate filter. (see
 also unbounded coords=jump). 
NOTE: coordinate (4.96,4) has been dropped because of a coordinate filter. (see
 also unbounded coords=jump). 
NOTE: coordinate (5.15,5) has been dropped because of a coordinate filter. (see
 also unbounded coords=jump). 
NOTE: coordinate (5.24,6) has been dropped because of a coordinate filter. (see
 also unbounded coords=jump). 
NOTE: coordinate (6.13,9) has been dropped because of a coordinate filter. (see
 also unbounded coords=jump). 
NOTE: coordinate (6.48,10) has been dropped because of a coordinate filter. (se
e also unbounded coords=jump). 
NOTE: coordinate (6.60,11) has been dropped because of a coordinate filter. (se
e also unbounded coords=jump). 
PGFPlots: reading {figures/sup/data_smp.txt}
NOTE: coordinate (4.42,1) has been dropped because of a coordinate filter. (see
 also unbounded coords=jump). 
NOTE: coordinate (4.60,2) has been dropped because of a coordinate filter. (see
 also unbounded coords=jump). 
NOTE: coordinate (4.85,3) has been dropped because of a coordinate filter. (see
 also unbounded coords=jump). 
NOTE: coordinate (4.96,4) has been dropped because of a coordinate filter. (see
 also unbounded coords=jump). 
NOTE: coordinate (5.15,5) has been dropped because of a coordinate filter. (see
 also unbounded coords=jump). 
NOTE: coordinate (5.24,6) has been dropped because of a coordinate filter. (see
 also unbounded coords=jump). 
NOTE: coordinate (5.36,7) has been dropped because of a coordinate filter. (see
 also unbounded coords=jump). 
NOTE: coordinate (5.61,8) has been dropped because of a coordinate filter. (see
 also unbounded coords=jump). 
PGFPlots: reading {figures/sup/data_smp.txt}
)

Class beamer Warning: Frame text is shrunk by a factor of 42.1875 percent inste
ad of 25 percent on input line 1129.

[101

] (./figures/sup/ssp.tex
PGFPlots: reading {figures/sup/data_ssp.txt}
PGFPlots: reading {figures/sup/data_ssp.txt}

NOTE: coordinate (4.22,2) has been dropped because of a coordinate filter. (see
 also unbounded coords=jump). 
NOTE: coordinate (4.24,3) has been dropped because of a coordinate filter. (see
 also unbounded coords=jump). 
NOTE: coordinate (4.59,4) has been dropped because of a coordinate filter. (see
 also unbounded coords=jump). 
NOTE: coordinate (5.07,5) has been dropped because of a coordinate filter. (see
 also unbounded coords=jump). 
NOTE: coordinate (5.30,6) has been dropped because of a coordinate filter. (see
 also unbounded coords=jump). 
NOTE: coordinate (5.59,7) has been dropped because of a coordinate filter. (see
 also unbounded coords=jump). 
NOTE: coordinate (5.87,8) has been dropped because of a coordinate filter. (see
 also unbounded coords=jump). 
PGFPlots: reading {figures/sup/data_ssp.txt}
NOTE: coordinate (3.95,1) has been dropped because of a coordinate filter. (see
 also unbounded coords=jump). 
NOTE: coordinate (4.24,3) has been dropped because of a coordinate filter. (see
 also unbounded coords=jump). 
NOTE: coordinate (4.59,4) has been dropped because of a coordinate filter. (see
 also unbounded coords=jump). 
NOTE: coordinate (5.07,5) has been dropped because of a coordinate filter. (see
 also unbounded coords=jump). 
NOTE: coordinate (5.30,6) has been dropped because of a coordinate filter. (see
 also unbounded coords=jump). 
NOTE: coordinate (5.59,7) has been dropped because of a coordinate filter. (see
 also unbounded coords=jump). 
NOTE: coordinate (5.87,8) has been dropped because of a coordinate filter. (see
 also unbounded coords=jump). 
PGFPlots: reading {figures/sup/data_ssp.txt}
NOTE: coordinate (3.95,1) has been dropped because of a coordinate filter. (see
 also unbounded coords=jump). 
NOTE: coordinate (4.22,2) has been dropped because of a coordinate filter. (see
 also unbounded coords=jump). 
NOTE: coordinate (5.07,5) has been dropped because of a coordinate filter. (see
 also unbounded coords=jump). 
NOTE: coordinate (5.30,6) has been dropped because of a coordinate filter. (see
 also unbounded coords=jump). 
NOTE: coordinate (5.59,7) has been dropped because of a coordinate filter. (see
 also unbounded coords=jump). 
NOTE: coordinate (5.87,8) has been dropped because of a coordinate filter. (see
 also unbounded coords=jump). 
PGFPlots: reading {figures/sup/data_ssp.txt}
NOTE: coordinate (3.95,1) has been dropped because of a coordinate filter. (see
 also unbounded coords=jump). 
NOTE: coordinate (4.22,2) has been dropped because of a coordinate filter. (see
 also unbounded coords=jump). 
NOTE: coordinate (4.24,3) has been dropped because of a coordinate filter. (see
 also unbounded coords=jump). 
NOTE: coordinate (4.59,4) has been dropped because of a coordinate filter. (see
 also unbounded coords=jump). 
NOTE: coordinate (5.59,7) has been dropped because of a coordinate filter. (see
 also unbounded coords=jump). 
NOTE: coordinate (5.87,8) has been dropped because of a coordinate filter. (see
 also unbounded coords=jump). 
PGFPlots: reading {figures/sup/data_ssp.txt}
NOTE: coordinate (3.95,1) has been dropped because of a coordinate filter. (see
 also unbounded coords=jump). 
NOTE: coordinate (4.22,2) has been dropped because of a coordinate filter. (see
 also unbounded coords=jump). 
NOTE: coordinate (4.24,3) has been dropped because of a coordinate filter. (see
 also unbounded coords=jump). 
NOTE: coordinate (4.59,4) has been dropped because of a coordinate filter. (see
 also unbounded coords=jump). 
NOTE: coordinate (5.07,5) has been dropped because of a coordinate filter. (see
 also unbounded coords=jump). 
NOTE: coordinate (5.30,6) has been dropped because of a coordinate filter. (see
 also unbounded coords=jump). 
PGFPlots: reading {figures/sup/data_ssp.txt}
) [102

]
File: figures/sup/exp1.png Graphic file (type bmp)
<figures/sup/exp1.png>

Overfull \vbox (1.869pt too high) detected at line 1144
 []

[103

]
File: figures/sup/exp2.png Graphic file (type bmp)
<figures/sup/exp2.png>

Overfull \vbox (1.869pt too high) detected at line 1151
 []

[104

]
\tf@nav=\write6
\openout6 = `defense.nav'.

\tf@toc=\write7
\openout7 = `defense.toc'.

\tf@snm=\write8
\openout8 = `defense.snm'.

Package atveryend Info: Empty hook `BeforeClearDocument' on input line 1153.
Package atveryend Info: Empty hook `AfterLastShipout' on input line 1153.
 (./defense.aux)
Package atveryend Info: Empty hook `AtVeryEndDocument' on input line 1153.
Package atveryend Info: Executing hook `AtEndAfterFileList' on input line 1153.



Package rerunfilecheck Warning: File `defense.out' has changed.
(rerunfilecheck)                Rerun to get outlines right
(rerunfilecheck)                or use package `bookmark'.

Package rerunfilecheck Info: Checksums for `defense.out':
(rerunfilecheck)             Before: 025316BC3EB3661955FC5D30F5E134B9
(rerunfilecheck)             After:  DECE114E4700DE437412AF35BA3A1277.

LaTeX Font Warning: Some font shapes were not available, defaults substituted.


LaTeX Warning: Label(s) may have changed. Rerun to get cross-references right.

 ) 
Here is how much of TeX's memory you used:
 46626 strings out of 492916
 1082355 string characters out of 6133346
 1326495 words of memory out of 5000000
 49887 multiletter control sequences out of 15000+600000
 538695 words of font info for 78 fonts, out of 8000000 for 9000
 1348 hyphenation exceptions out of 8191
 67i,19n,104p,774b,2929s stack positions out of 5000i,500n,10000p,200000b,80000s

Output written on defense.pdf (104 pages).
